2024-07-19T14:58:08.373Z     1         55 dns:www.bje.dds.nl P https://www.bje.dds.nl/ text/dns #001 20240719145807838+33 sha1:77VNWHTDY46F4VHGJ2LHGW3WK4VZ7IWQ - -
2024-07-19T14:58:11.453Z   200         64 https://www.bje.dds.nl/robots.txt P https://www.bje.dds.nl/ text/plain #001 20240719145811379+69 sha1:PME2I7G2ZFAZVTNOT6O54JALQ7FUCVYK - -
2024-07-19T14:58:11.484Z     1         46 dns:yerb.net PMP http://yerb.net//sitemap.xml text/dns #001 20240719145811459+25 sha1:46ZQDCYDOI6FS3YLYQAXR6O6ELKIAGHX - -
2024-07-19T14:58:14.543Z   200      17719 https://www.bje.dds.nl/ - - text/html #001 20240719145814487+28 sha1:4ZLA5OILXZWGIWCFURYXA7DAMBE56ORM - usingCharsetInHTML:UTF-8,3t
2024-07-19T14:58:14.597Z     1         61 dns:fonts.googleapis.com EP http://fonts.googleapis.com/css?family=Arvo:400,400italic,700,700italic text/dns #019 20240719145814592+4 sha1:BRL24RREGHRXHPZOMG6A32G3YABFGP6D - -
2024-07-19T14:58:14.599Z     1         60 dns:connect.facebook.net XP https://connect.facebook.net/en_US/all.js text/dns #002 20240719145814592+6 sha1:OC63LZB3WSBEUFY2M6EBGFRDR7DMJG4L - -
2024-07-19T14:58:14.600Z     1         54 dns:www.google.com EP http://www.google.com/images/icons/ui/gprofile_button-32.png text/dns #012 20240719145814592+7 sha1:OCAV5YOUJITYANPZYQMS7PW6C7VZO76S - -
2024-07-19T14:58:14.606Z     1         56 dns:apis.google.com XP https://apis.google.com/js/plusone.js text/dns #017 20240719145814592+14 sha1:ORBGXFRCKU2QPRIJE3ASTC5S2I7IY6TO - -
2024-07-19T14:58:14.613Z     1         62 dns:platform.twitter.com XP http://platform.twitter.com/widgets.js text/dns #014 20240719145814593+19 sha1:RZAYHLL3KIRW62MEZV7DG6RRGCKDEZEN - -
2024-07-19T14:58:14.891Z   302          0 http://yerb.net/robots.txt EP http://yerb.net// text/html #001 20240719145814546+343 sha1:3I42H3S6NNFQ2MSVX7XZKYAYSCX5QBYJ - -
2024-07-19T14:58:17.614Z   200       3130 https://www.bje.dds.nl/favicon.png E https://www.bje.dds.nl/ image/png #016 20240719145817590+23 sha1:6ET6CEHKF2ROMUHLKSAF2JSITHO6NLRN - -
2024-07-19T14:58:17.637Z   200         25 http://fonts.googleapis.com/robots.txt EP http://fonts.googleapis.com/css?family=Arvo:400,400italic,700,700italic text/plain #012 20240719145817603+32 sha1:PIBOAFKYXXCJOU3XZKF3BWLFJJNRCSGE - -
2024-07-19T14:58:17.657Z   200       8689 http://www.google.com/robots.txt EP http://www.google.com/images/icons/ui/gprofile_button-32.png text/plain #019 20240719145817604+43 sha1:VG7U2J7D5YVDJHBEIBIBK7VS7TMCYCYQ - -
2024-07-19T14:58:17.675Z   301        226 https://apis.google.com/robots.txt XP https://apis.google.com/js/plusone.js text/html #017 20240719145817610+63 sha1:QQ5CZFJWEND6XCEUU2WLMB7RHG7GLXWU - -
2024-07-19T14:58:17.688Z     1         62 dns:developers.google.com XPRP http://developers.google.com/ text/dns #017 20240719145817676+11 sha1:GNE7MRICSJP3S6IDB4TUWH24ULDJPNWI - -
2024-07-19T14:58:17.803Z   403        243 http://platform.twitter.com/robots.txt XP http://platform.twitter.com/widgets.js application/xml #016 20240719145817616+186 sha1:RYHELTB6HYKTW3ZKSYEPLFISUEJVTPSC - -
2024-07-19T14:58:17.886Z   302          0 https://connect.facebook.net/robots.txt XP https://connect.facebook.net/en_US/all.js text/html #002 20240719145817604+279 sha1:3I42H3S6NNFQ2MSVX7XZKYAYSCX5QBYJ - -
2024-07-19T14:58:18.200Z   302          0 http://yerb.net// E https://www.bje.dds.nl/ text/html #001 20240719145817894+304 sha1:3I42H3S6NNFQ2MSVX7XZKYAYSCX5QBYJ - 2t
2024-07-19T14:58:20.662Z   200      41860 https://www.bje.dds.nl/stylesheets/screen.css E https://www.bje.dds.nl/ text/css #014 20240719145820617+34 sha1:YF5GVKDAFIEWVI43FTH63TAFO3OAREEA - -
2024-07-19T14:58:20.683Z   200        696 http://fonts.googleapis.com/css?family=Arvo:400,400italic,700,700italic E https://www.bje.dds.nl/ text/css #002 20240719145820641+34 sha1:KDPVFCX23QF227OI2US6A5PJ6LL23PHK - 3t
2024-07-19T14:58:20.700Z   200       1768 http://www.google.com/images/icons/ui/gprofile_button-32.png E https://www.bje.dds.nl/ image/png #019 20240719145820659+39 sha1:FMRA6OAPHT66LJP6F45CME5VC2NTR4KA - 3t
2024-07-19T14:58:20.709Z     1         57 dns:fonts.gstatic.com EEP http://fonts.gstatic.com/s/arvo/v22/tDbN2oWUg0MKqSIg75Tq.ttf text/dns #001 20240719145820705+4 sha1:VRNJPWNUV5SQGJCPFSVWK52BLCFLA6MN - -
2024-07-19T14:58:20.826Z   301          0 http://developers.google.com/robots.txt XPRP http://developers.google.com/ text/html #017 20240719145820691+134 sha1:3I42H3S6NNFQ2MSVX7XZKYAYSCX5QBYJ - -
2024-07-19T14:58:20.842Z   200      56803 https://apis.google.com/js/plusone.js X https://www.bje.dds.nl/ text/javascript #002 20240719145820685+105 sha1:KDZVAXSULGMFV4CB5QTKNNASZ7BNYHFV - 3t
2024-07-19T14:58:21.020Z   302          0 https://connect.facebook.net/en_US/all.js X https://www.bje.dds.nl/ text/html #012 20240719145820904+112 sha1:3I42H3S6NNFQ2MSVX7XZKYAYSCX5QBYJ - 3t
2024-07-19T14:58:21.154Z   200      93065 http://platform.twitter.com/widgets.js X https://www.bje.dds.nl/ application/javascript #016 20240719145820806+245 sha1:K4ECUAC5OQ7MJJ7ZFCUSRPL32VQQPDD4 - 3t
2024-07-19T14:58:21.854Z   200        175 https://yerb.net/robots.txt EPRP https://yerb.net/ text/plain #019 20240719145821205+647 sha1:JPLLC4EM5NVSKNQFXCMNI35EXTSWEGV3 - -
2024-07-19T14:58:23.690Z   200       9946 https://www.bje.dds.nl/javascripts/modernizr-2.0.js E https://www.bje.dds.nl/ application/javascript #014 20240719145823664+21 sha1:N3KDVCTXVJNO6BPPILUZTHZXZNMJ4PTY - -
2024-07-19T14:58:23.724Z   200        732 http://fonts.googleapis.com/css?family=PT+Sans:regular,italic,bold,bolditalic E https://www.bje.dds.nl/ text/css #014 20240719145823691+30 sha1:6AMF7J2BJ2S7DLPDOVRSLCDR7PX4OGXK - -
2024-07-19T14:58:23.744Z   200       5430 http://www.google.com/favicon.ico EI http://www.google.com/images/icons/ui/gprofile_button-32.png image/x-icon #001 20240719145823712+31 sha1:JETDNFPWWDG5OL2FZ4NXOXTGB7ODNRQG - -
2024-07-19T14:58:23.767Z   404       1571 http://fonts.gstatic.com/robots.txt EEP http://fonts.gstatic.com/s/arvo/v22/tDbN2oWUg0MKqSIg75Tq.ttf text/html #014 20240719145823726+40 sha1:O7BBWKUAY7IGM3TDT7KUFKLXHWLWKO2Q - -
2024-07-19T14:58:23.912Z   301        226 https://apis.google.com/favicon.ico XI https://apis.google.com/js/plusone.js text/html #015 20240719145823844+66 sha1:QQ5CZFJWEND6XCEUU2WLMB7RHG7GLXWU - -
2024-07-19T14:58:23.971Z   301          0 http://developers.google.com/ XPR https://apis.google.com/robots.txt text/html #017 20240719145823829+134 sha1:3I42H3S6NNFQ2MSVX7XZKYAYSCX5QBYJ - 3t
2024-07-19T14:58:24.141Z   200       5430 https://connect.facebook.net/favicon.ico XI https://connect.facebook.net/en_US/all.js image/png #012 20240719145824023+116 sha1:LD5AOVNI5ZCVQGLWT3QOO7BDQKN7JCG5 - -
2024-07-19T14:58:24.384Z   403        243 http://platform.twitter.com/favicon.ico XI http://platform.twitter.com/widgets.js application/xml #016 20240719145824157+226 sha1:TDUAM4MIYNRZG53FWD3XMG2MMXHTEH4I - -
2024-07-19T14:58:26.462Z   200       2892 https://yerb.net/ EPR http://yerb.net/robots.txt text/html #004 20240719145825095+1365 sha1:2NC2FUS6SU3JNQU2KVR7HYX6ESJU4CUR - 2t
2024-07-19T14:58:26.750Z   200      30652 https://www.bje.dds.nl/javascripts/ender.js E https://www.bje.dds.nl/ application/javascript #004 20240719145826714+28 sha1:OT32XAGLKFY2W3NL5NTYZFZ7A2Y5OCS6 - -
2024-07-19T14:58:26.781Z   200        201 http://fonts.googleapis.com/css?family=Merienda:700 E https://www.bje.dds.nl/ text/css #001 20240719145826747+32 sha1:6RHX4XD23ZYWSQLXLE2FTWWQHIME43ZP - -
2024-07-19T14:58:26.824Z   200      34304 http://fonts.gstatic.com/s/arvo/v22/tDbN2oWUg0MKqSIg75Tq.ttf EE http://fonts.googleapis.com/css?family=Arvo:400,400italic,700,700italic font/ttf #014 20240719145826770+52 sha1:7PUICLNT3CTORLCZVYDB5GE77X4KSGRO - 3t
2024-07-19T14:58:27.286Z   200         93 https://developers.google.com/robots.txt XPRRP https://developers.google.com/ text/plain #017 20240719145826976+308 sha1:3BBMPP3FU2WKEYPSWZK2F2JAQ6MKVTA2 - -
2024-07-19T14:58:29.783Z   200       8829 https://www.bje.dds.nl/javascripts/octopress.js E https://www.bje.dds.nl/ application/javascript #004 20240719145829753+22 sha1:4HBSLI6HHQZ2AAKTTBJJANOOACVGF6ZZ - -
2024-07-19T14:58:29.817Z   404       1611 http://fonts.googleapis.com/favicon.ico EI http://fonts.googleapis.com/css?family=Arvo:400,400italic,700,700italic text/html #001 20240719145829783+32 sha1:STDC6ATACMI2G3DCQ7ZW3MK63MMHOTY5 - -
2024-07-19T14:58:29.881Z   200      35756 http://fonts.gstatic.com/s/arvo/v22/tDbO2oWUg0MKqSIoVLH68dr6.ttf EE http://fonts.googleapis.com/css?family=Arvo:400,400italic,700,700italic font/ttf #014 20240719145829827+52 sha1:LQBD2SNHKPDAPQYCJAXIMVZRALHXTPI3 - -
2024-07-19T14:58:32.825Z   200      68800 https://www.bje.dds.nl/atom.xml E https://www.bje.dds.nl/ text/xml #004 20240719145832786+36 sha1:2XUN5JAEEFFOW5IENA7Y3COCTVTGC3JK - -
2024-07-19T14:58:32.942Z   200      37508 http://fonts.gstatic.com/s/arvo/v22/tDbD2oWUg0MKqScQ6A.ttf EE http://fonts.googleapis.com/css?family=Arvo:400,400italic,700,700italic font/ttf #014 20240719145832883+55 sha1:GR5IERDAF3JIYOYP6BS273GCULGJLEPX - -
2024-07-19T14:58:33.008Z   200     200049 https://developers.google.com/ XPRR http://developers.google.com/ text/html #017 20240719145830288+2606 sha1:566ORW6YBIZQLKIZYSCJQC5S4HZHCQKT - 2t
2024-07-19T14:58:33.629Z   302          0 http://yerb.net//sitemap.xml PM https://www.bje.dds.nl/robots.txt text/html #001 20240719145833321+307 sha1:3I42H3S6NNFQ2MSVX7XZKYAYSCX5QBYJ - isSitemap,2t
2024-07-19T14:58:35.869Z   200      69598 https://www.bje.dds.nl/images/posts/datatables.png E https://www.bje.dds.nl/ image/png #004 20240719145835827+39 sha1:G4PW5WP25J6TZRFAXCGI6C4TUKMTNXEF - -
2024-07-19T14:58:36.005Z   200      36592 http://fonts.gstatic.com/s/arvo/v22/tDbM2oWUg0MKoZw1-LPK9g.ttf EE http://fonts.googleapis.com/css?family=Arvo:400,400italic,700,700italic font/ttf #014 20240719145835945+58 sha1:MXISGOGR5SSCOUUNYKWSFLQDO66RQHIO - -
2024-07-19T14:58:37.233Z   302          0 http://yerb.net/favicon.ico EI http://yerb.net// text/html #001 20240719145836631+601 sha1:3I42H3S6NNFQ2MSVX7XZKYAYSCX5QBYJ - -
2024-07-19T14:58:38.902Z   200      30637 https://www.bje.dds.nl/images/posts/multimon.jpg E https://www.bje.dds.nl/ image/jpeg #004 20240719145838871+29 sha1:PAX5US5BB7WKTG5LFLLENMJTGUSFSHY7 - -
2024-07-19T14:58:39.096Z   200      93300 http://fonts.gstatic.com/s/ptsans/v17/jizYRExUiTo99u79D0e0x8mN.ttf EE http://fonts.googleapis.com/css?family=PT+Sans:regular,italic,bold,bolditalic font/ttf #014 20240719145839008+82 sha1:EQPGV5ZP6I6VB2T3VDPPJBYOU3D3LSVH - -
2024-07-19T14:58:41.935Z   200      20185 https://www.bje.dds.nl/images/posts/sidekiq.png E https://www.bje.dds.nl/ image/png #004 20240719145841905+29 sha1:GE4BWQRIP6N4JPOZQJLYEADRUN2H7AA7 - -
2024-07-19T14:58:42.175Z   200      70324 http://fonts.gstatic.com/s/ptsans/v17/jizdRExUiTo99u79D0e8fOydLxUY.ttf EE http://fonts.googleapis.com/css?family=PT+Sans:regular,italic,bold,bolditalic font/ttf #014 20240719145842099+71 sha1:JBLOBADUFXMBP2T5WCUTVRJPERS4O5QJ - -
2024-07-19T14:58:44.969Z   200      22941 https://www.bje.dds.nl/images/posts/recents.png E https://www.bje.dds.nl/ image/png #004 20240719145844938+29 sha1:TFPA6IAUJ4ZNJHJ6KTUX6UNNNU34H5RL - -
2024-07-19T14:58:45.278Z   200      97584 http://fonts.gstatic.com/s/ptsans/v17/jizaRExUiTo99u79D0KEwA.ttf EE http://fonts.googleapis.com/css?family=PT+Sans:regular,italic,bold,bolditalic font/ttf #014 20240719145845179+85 sha1:AMQ4DPWSQYZZ7RHBRZ6SVZ36RNEATMRP - -
2024-07-19T14:58:48.001Z   200      19541 https://www.bje.dds.nl/images/posts/draft.png E https://www.bje.dds.nl/ image/png #004 20240719145847972+28 sha1:N6GAWCI7LGYT5TBOJE26B4AGYLJMXQEC - -
2024-07-19T14:58:48.382Z   200     100776 http://fonts.gstatic.com/s/ptsans/v17/jizfRExUiTo99u79B_mh0O6tKA.ttf EE http://fonts.googleapis.com/css?family=PT+Sans:regular,italic,bold,bolditalic font/ttf #014 20240719145848283+83 sha1:SHVKE7NNJXI4RRZCPEAZRZRDHDXD56K5 - -
2024-07-19T14:58:51.043Z   200       1821 https://www.bje.dds.nl/javascripts/pinboard.js X https://www.bje.dds.nl/ application/javascript #004 20240719145851004+30 sha1:MQV2HFJ6UZMRB6747ICQGJW255NADK22 - -
2024-07-19T14:58:51.445Z   200      37580 http://fonts.gstatic.com/s/merienda/v19/gNMaW3x8Qoy5_mf8uUkJGHtiYXjmKFy5nX9YTkT4.ttf EE http://fonts.googleapis.com/css?family=Merienda:700 font/ttf #014 20240719145851386+53 sha1:7KRQSNC3ZZZE6PHBEHOGIEHK4JNCJ6V5 - -
2024-07-19T14:58:54.085Z   404        315 https://www.bje.dds.nl/count.js X https://www.bje.dds.nl/ text/html #004 20240719145854051+31 sha1:VAQZB7CTBQTFVJAKAROCC5YNSZ7UOZ5Y - -
2024-07-19T14:58:57.116Z   404        315 https://www.bje.dds.nl/favicon.ico PI https://www.bje.dds.nl/robots.txt text/html #004 20240719145857090+24 sha1:VAQZB7CTBQTFVJAKAROCC5YNSZ7UOZ5Y - -
2024-07-19T14:59:00.141Z   200        424 https://www.bje.dds.nl/images/back_pattern.png?1392038709 EE https://www.bje.dds.nl/stylesheets/screen.css image/png #011 20240719145900118+22 sha1:WNQJUONGIOWL7MYXBJLKFLH5CKFHPB2Z - -
2024-07-19T14:59:03.167Z   200        333 https://www.bje.dds.nl/images/search.png?1392038709 EE https://www.bje.dds.nl/stylesheets/screen.css image/png #011 20240719145903143+23 sha1:HQAXQZI7HC77IYWU724SPZHU36D3B6OQ - -
2024-07-19T14:59:06.191Z   200        490 https://www.bje.dds.nl/images/rss.png?1392038709 EE https://www.bje.dds.nl/stylesheets/screen.css image/png #011 20240719145906169+22 sha1:2YP4DTGGN4EBAAVRKUZPM3QFIFD5L4X3 - -
2024-07-19T14:59:09.235Z   200        301 https://www.bje.dds.nl/images/email.png?1392038709 EE https://www.bje.dds.nl/stylesheets/screen.css image/png #011 20240719145909195+37 sha1:FJOSKFLH7K6K22H2LFXLV4KQQKLFESJQ - -
2024-07-19T14:59:12.268Z   200      17742 https://www.bje.dds.nl/images/noise.png?1392038709 EE https://www.bje.dds.nl/stylesheets/screen.css image/png #011 20240719145912239+28 sha1:VA424OI7XOYKDIVSF6FLUHMK4KTQF3ZU - -
2024-07-19T14:59:15.293Z   200        239 https://www.bje.dds.nl/images/code_bg.png?1392038709 EE https://www.bje.dds.nl/stylesheets/screen.css image/png #011 20240719145915270+22 sha1:YNFM25XXH33I2YWAGGCWXVRH76WJG6HT - -
2024-07-19T14:59:18.317Z   404        315 https://www.bje.dds.nl/Microsoft.XMLHTTP EX https://www.bje.dds.nl/javascripts/modernizr-2.0.js text/html #011 20240719145918295+21 sha1:VAQZB7CTBQTFVJAKAROCC5YNSZ7UOZ5Y - -
2024-07-19T14:59:21.379Z   200      91375 https://www.bje.dds.nl/assets/jwplayer/player.swf EX https://www.bje.dds.nl/javascripts/octopress.js application/x-shockwave-flash #011 20240719145921320+41 sha1:SU44M4ZWFYVZYJJ2VZUVFWMIOPG2FJP6 - -
2024-07-19T14:59:24.414Z   200       4091 https://www.bje.dds.nl/assets/jwplayer/glow/glow.xml EX https://www.bje.dds.nl/javascripts/octopress.js text/xml #011 20240719145924382+29 sha1:MYIVHZ252MCGK724FCLNT7EBHUFPSENS - -
2024-07-19T14:59:27.440Z   404        315 https://www.bje.dds.nl/ShockwaveFlash.ShockwaveFlash EX https://www.bje.dds.nl/javascripts/octopress.js text/html #016 20240719145927417+22 sha1:VAQZB7CTBQTFVJAKAROCC5YNSZ7UOZ5Y - -
