2024-07-19T15:14:16.819Z    -2          1 https://cct.google/taggy/agent.js REX https://www.googletagmanager.com/gtag/js?id=UA-32274817-1 unknown #005 - - - -
 java.net.SocketTimeoutException: Read timed out
	at java.base/java.net.SocketInputStream.socketRead0(Native Method)
	at java.base/java.net.SocketInputStream.socketRead(Unknown Source)
	at java.base/java.net.SocketInputStream.read(Unknown Source)
	at java.base/java.net.SocketInputStream.read(Unknown Source)
	at java.base/sun.security.ssl.SSLSocketInputRecord.read(Unknown Source)
	at java.base/sun.security.ssl.SSLSocketInputRecord.readHeader(Unknown Source)
	at java.base/sun.security.ssl.SSLSocketInputRecord.bytesInCompletePacket(Unknown Source)
	at java.base/sun.security.ssl.SSLSocketImpl.readApplicationRecord(Unknown Source)
	at java.base/sun.security.ssl.SSLSocketImpl$AppInputStream.read(Unknown Source)
	at org.archive.io.RecordingInputStream.read(RecordingInputStream.java:115)
	at org.apache.http.impl.io.SessionInputBufferImpl.streamRead(SessionInputBufferImpl.java:137)
	at org.apache.http.impl.io.SessionInputBufferImpl.fillBuffer(SessionInputBufferImpl.java:153)
	at org.apache.http.impl.io.SessionInputBufferImpl.readLine(SessionInputBufferImpl.java:280)
	at org.apache.http.impl.conn.DefaultHttpResponseParser.parseHead(DefaultHttpResponseParser.java:138)
	at org.apache.http.impl.conn.DefaultHttpResponseParser.parseHead(DefaultHttpResponseParser.java:56)
	at org.apache.http.impl.io.AbstractMessageParser.parse(AbstractMessageParser.java:259)
	at org.apache.http.impl.DefaultBHttpClientConnection.receiveResponseHeader(DefaultBHttpClientConnection.java:163)
	at org.apache.http.protocol.HttpRequestExecutor.doReceiveResponse(HttpRequestExecutor.java:273)
	at org.apache.http.protocol.HttpRequestExecutor.execute(HttpRequestExecutor.java:125)
	at org.apache.http.impl.execchain.MainClientExec.execute(MainClientExec.java:272)
	at org.apache.http.impl.execchain.ProtocolExec.execute(ProtocolExec.java:186)
	at org.apache.http.impl.execchain.RetryExec.execute(RetryExec.java:89)
	at org.apache.http.impl.client.InternalHttpClient.doExecute(InternalHttpClient.java:185)
	at org.apache.http.impl.client.CloseableHttpClient.execute(CloseableHttpClient.java:72)
	at org.apache.http.impl.client.CloseableHttpClient.execute(CloseableHttpClient.java:56)
	at org.archive.modules.fetcher.FetchHTTPRequest.execute(FetchHTTPRequest.java:752)
	at org.archive.modules.fetcher.FetchHTTP.innerProcess(FetchHTTP.java:658)
	at org.archive.modules.Processor.innerProcessResult(Processor.java:175)
	at org.archive.modules.Processor.process(Processor.java:142)
	at org.archive.modules.ProcessorChain.process(ProcessorChain.java:131)
	at org.archive.crawler.framework.ToeThread.run(ToeThread.java:147)
 java.net.SocketTimeoutException: Read timed out
	at java.base/java.net.SocketInputStream.socketRead0(Native Method)
	at java.base/java.net.SocketInputStream.socketRead(Unknown Source)
	at java.base/java.net.SocketInputStream.read(Unknown Source)
	at java.base/java.net.SocketInputStream.read(Unknown Source)
	at java.base/sun.security.ssl.SSLSocketInputRecord.read(Unknown Source)
	at java.base/sun.security.ssl.SSLSocketInputRecord.readHeader(Unknown Source)
	at java.base/sun.security.ssl.SSLSocketInputRecord.bytesInCompletePacket(Unknown Source)
	at java.base/sun.security.ssl.SSLSocketImpl.readApplicationRecord(Unknown Source)
	at java.base/sun.security.ssl.SSLSocketImpl$AppInputStream.read(Unknown Source)
	at org.archive.io.RecordingInputStream.read(RecordingInputStream.java:115)
	at org.apache.http.impl.io.SessionInputBufferImpl.streamRead(SessionInputBufferImpl.java:137)
	at org.apache.http.impl.io.SessionInputBufferImpl.fillBuffer(SessionInputBufferImpl.java:153)
	at org.apache.http.impl.io.SessionInputBufferImpl.readLine(SessionInputBufferImpl.java:280)
	at org.apache.http.impl.conn.DefaultHttpResponseParser.parseHead(DefaultHttpResponseParser.java:138)
	at org.apache.http.impl.conn.DefaultHttpResponseParser.parseHead(DefaultHttpResponseParser.java:56)
	at org.apache.http.impl.io.AbstractMessageParser.parse(AbstractMessageParser.java:259)
	at org.apache.http.impl.DefaultBHttpClientConnection.receiveResponseHeader(DefaultBHttpClientConnection.java:163)
	at org.apache.http.protocol.HttpRequestExecutor.doReceiveResponse(HttpRequestExecutor.java:273)
	at org.apache.http.protocol.HttpRequestExecutor.execute(HttpRequestExecutor.java:125)
	at org.apache.http.impl.execchain.MainClientExec.execute(MainClientExec.java:272)
	at org.apache.http.impl.execchain.ProtocolExec.execute(ProtocolExec.java:186)
	at org.apache.http.impl.execchain.RetryExec.execute(RetryExec.java:89)
	at org.apache.http.impl.client.InternalHttpClient.doExecute(InternalHttpClient.java:185)
	at org.apache.http.impl.client.CloseableHttpClient.execute(CloseableHttpClient.java:72)
	at org.apache.http.impl.client.CloseableHttpClient.execute(CloseableHttpClient.java:56)
	at org.archive.modules.fetcher.FetchHTTPRequest.execute(FetchHTTPRequest.java:752)
	at org.archive.modules.fetcher.FetchHTTP.innerProcess(FetchHTTP.java:658)
	at org.archive.modules.Processor.innerProcessResult(Processor.java:175)
	at org.archive.modules.Processor.process(Processor.java:142)
	at org.archive.modules.ProcessorChain.process(ProcessorChain.java:131)
	at org.archive.crawler.framework.ToeThread.run(ToeThread.java:147)
2024-07-19T15:28:11.976Z   401         98 https://openstate.eu/en/wp-json/wp-super-cache/v1/settings REX https://openstate.eu/en/wp-json/ application/json #015 20240719152811869+107 sha1:7D2NVYSKBCUYKECIT5P77ZX6CYOXTQVB - -
 java.lang.IllegalStateException: Missing auth challenge headers for uri with response status 401: https://openstate.eu/en/wp-json/wp-super-cache/v1/settings
	at org.archive.modules.fetcher.FetchHTTP.extractChallenges(FetchHTTP.java:880)
	at org.archive.modules.fetcher.FetchHTTP.handle401(FetchHTTP.java:801)
	at org.archive.modules.fetcher.FetchHTTP.innerProcess(FetchHTTP.java:743)
	at org.archive.modules.Processor.innerProcessResult(Processor.java:175)
	at org.archive.modules.Processor.process(Processor.java:142)
	at org.archive.modules.ProcessorChain.process(ProcessorChain.java:131)
	at org.archive.crawler.framework.ToeThread.run(ToeThread.java:147)
 java.lang.IllegalStateException: Missing auth challenge headers for uri with response status 401: https://openstate.eu/en/wp-json/wp-super-cache/v1/settings
	at org.archive.modules.fetcher.FetchHTTP.extractChallenges(FetchHTTP.java:880)
	at org.archive.modules.fetcher.FetchHTTP.handle401(FetchHTTP.java:801)
	at org.archive.modules.fetcher.FetchHTTP.innerProcess(FetchHTTP.java:743)
	at org.archive.modules.Processor.innerProcessResult(Processor.java:175)
	at org.archive.modules.Processor.process(Processor.java:142)
	at org.archive.modules.ProcessorChain.process(ProcessorChain.java:131)
	at org.archive.crawler.framework.ToeThread.run(ToeThread.java:147)
2024-07-19T15:28:21.451Z   401         98 https://openstate.eu/en/wp-json/wp-super-cache/v1/status REX https://openstate.eu/en/wp-json/ application/json #015 20240719152821318+131 sha1:7D2NVYSKBCUYKECIT5P77ZX6CYOXTQVB - -
 java.lang.IllegalStateException: Missing auth challenge headers for uri with response status 401: https://openstate.eu/en/wp-json/wp-super-cache/v1/status
	at org.archive.modules.fetcher.FetchHTTP.extractChallenges(FetchHTTP.java:880)
	at org.archive.modules.fetcher.FetchHTTP.handle401(FetchHTTP.java:801)
	at org.archive.modules.fetcher.FetchHTTP.innerProcess(FetchHTTP.java:743)
	at org.archive.modules.Processor.innerProcessResult(Processor.java:175)
	at org.archive.modules.Processor.process(Processor.java:142)
	at org.archive.modules.ProcessorChain.process(ProcessorChain.java:131)
	at org.archive.crawler.framework.ToeThread.run(ToeThread.java:147)
 java.lang.IllegalStateException: Missing auth challenge headers for uri with response status 401: https://openstate.eu/en/wp-json/wp-super-cache/v1/status
	at org.archive.modules.fetcher.FetchHTTP.extractChallenges(FetchHTTP.java:880)
	at org.archive.modules.fetcher.FetchHTTP.handle401(FetchHTTP.java:801)
	at org.archive.modules.fetcher.FetchHTTP.innerProcess(FetchHTTP.java:743)
	at org.archive.modules.Processor.innerProcessResult(Processor.java:175)
	at org.archive.modules.Processor.process(Processor.java:142)
	at org.archive.modules.ProcessorChain.process(ProcessorChain.java:131)
	at org.archive.crawler.framework.ToeThread.run(ToeThread.java:147)
2024-07-19T15:28:31.045Z   401         98 https://openstate.eu/en/wp-json/wp-super-cache/v1/stats REX https://openstate.eu/en/wp-json/ application/json #015 20240719152830941+103 sha1:7D2NVYSKBCUYKECIT5P77ZX6CYOXTQVB - -
 java.lang.IllegalStateException: Missing auth challenge headers for uri with response status 401: https://openstate.eu/en/wp-json/wp-super-cache/v1/stats
	at org.archive.modules.fetcher.FetchHTTP.extractChallenges(FetchHTTP.java:880)
	at org.archive.modules.fetcher.FetchHTTP.handle401(FetchHTTP.java:801)
	at org.archive.modules.fetcher.FetchHTTP.innerProcess(FetchHTTP.java:743)
	at org.archive.modules.Processor.innerProcessResult(Processor.java:175)
	at org.archive.modules.Processor.process(Processor.java:142)
	at org.archive.modules.ProcessorChain.process(ProcessorChain.java:131)
	at org.archive.crawler.framework.ToeThread.run(ToeThread.java:147)
 java.lang.IllegalStateException: Missing auth challenge headers for uri with response status 401: https://openstate.eu/en/wp-json/wp-super-cache/v1/stats
	at org.archive.modules.fetcher.FetchHTTP.extractChallenges(FetchHTTP.java:880)
	at org.archive.modules.fetcher.FetchHTTP.handle401(FetchHTTP.java:801)
	at org.archive.modules.fetcher.FetchHTTP.innerProcess(FetchHTTP.java:743)
	at org.archive.modules.Processor.innerProcessResult(Processor.java:175)
	at org.archive.modules.Processor.process(Processor.java:142)
	at org.archive.modules.ProcessorChain.process(ProcessorChain.java:131)
	at org.archive.crawler.framework.ToeThread.run(ToeThread.java:147)
2024-07-19T15:28:40.504Z   401         98 https://openstate.eu/en/wp-json/wp-super-cache/v1/cache REX https://openstate.eu/en/wp-json/ application/json #015 20240719152840289+214 sha1:7D2NVYSKBCUYKECIT5P77ZX6CYOXTQVB - -
 java.lang.IllegalStateException: Missing auth challenge headers for uri with response status 401: https://openstate.eu/en/wp-json/wp-super-cache/v1/cache
	at org.archive.modules.fetcher.FetchHTTP.extractChallenges(FetchHTTP.java:880)
	at org.archive.modules.fetcher.FetchHTTP.handle401(FetchHTTP.java:801)
	at org.archive.modules.fetcher.FetchHTTP.innerProcess(FetchHTTP.java:743)
	at org.archive.modules.Processor.innerProcessResult(Processor.java:175)
	at org.archive.modules.Processor.process(Processor.java:142)
	at org.archive.modules.ProcessorChain.process(ProcessorChain.java:131)
	at org.archive.crawler.framework.ToeThread.run(ToeThread.java:147)
 java.lang.IllegalStateException: Missing auth challenge headers for uri with response status 401: https://openstate.eu/en/wp-json/wp-super-cache/v1/cache
	at org.archive.modules.fetcher.FetchHTTP.extractChallenges(FetchHTTP.java:880)
	at org.archive.modules.fetcher.FetchHTTP.handle401(FetchHTTP.java:801)
	at org.archive.modules.fetcher.FetchHTTP.innerProcess(FetchHTTP.java:743)
	at org.archive.modules.Processor.innerProcessResult(Processor.java:175)
	at org.archive.modules.Processor.process(Processor.java:142)
	at org.archive.modules.ProcessorChain.process(ProcessorChain.java:131)
	at org.archive.crawler.framework.ToeThread.run(ToeThread.java:147)
2024-07-19T15:29:08.825Z   401         98 https://openstate.eu/en/wp-json/wp-super-cache/v1/plugins REX https://openstate.eu/en/wp-json/ application/json #015 20240719152908719+106 sha1:7D2NVYSKBCUYKECIT5P77ZX6CYOXTQVB - -
 java.lang.IllegalStateException: Missing auth challenge headers for uri with response status 401: https://openstate.eu/en/wp-json/wp-super-cache/v1/plugins
	at org.archive.modules.fetcher.FetchHTTP.extractChallenges(FetchHTTP.java:880)
	at org.archive.modules.fetcher.FetchHTTP.handle401(FetchHTTP.java:801)
	at org.archive.modules.fetcher.FetchHTTP.innerProcess(FetchHTTP.java:743)
	at org.archive.modules.Processor.innerProcessResult(Processor.java:175)
	at org.archive.modules.Processor.process(Processor.java:142)
	at org.archive.modules.ProcessorChain.process(ProcessorChain.java:131)
	at org.archive.crawler.framework.ToeThread.run(ToeThread.java:147)
 java.lang.IllegalStateException: Missing auth challenge headers for uri with response status 401: https://openstate.eu/en/wp-json/wp-super-cache/v1/plugins
	at org.archive.modules.fetcher.FetchHTTP.extractChallenges(FetchHTTP.java:880)
	at org.archive.modules.fetcher.FetchHTTP.handle401(FetchHTTP.java:801)
	at org.archive.modules.fetcher.FetchHTTP.innerProcess(FetchHTTP.java:743)
	at org.archive.modules.Processor.innerProcessResult(Processor.java:175)
	at org.archive.modules.Processor.process(Processor.java:142)
	at org.archive.modules.ProcessorChain.process(ProcessorChain.java:131)
	at org.archive.crawler.framework.ToeThread.run(ToeThread.java:147)
2024-07-19T15:29:24.523Z   401         98 https://openstate.eu/en/wp-json/akismet/v1/key REX https://openstate.eu/en/wp-json/ application/json #015 20240719152924424+97 sha1:7D2NVYSKBCUYKECIT5P77ZX6CYOXTQVB - -
 java.lang.IllegalStateException: Missing auth challenge headers for uri with response status 401: https://openstate.eu/en/wp-json/akismet/v1/key
	at org.archive.modules.fetcher.FetchHTTP.extractChallenges(FetchHTTP.java:880)
	at org.archive.modules.fetcher.FetchHTTP.handle401(FetchHTTP.java:801)
	at org.archive.modules.fetcher.FetchHTTP.innerProcess(FetchHTTP.java:743)
	at org.archive.modules.Processor.innerProcessResult(Processor.java:175)
	at org.archive.modules.Processor.process(Processor.java:142)
	at org.archive.modules.ProcessorChain.process(ProcessorChain.java:131)
	at org.archive.crawler.framework.ToeThread.run(ToeThread.java:147)
 java.lang.IllegalStateException: Missing auth challenge headers for uri with response status 401: https://openstate.eu/en/wp-json/akismet/v1/key
	at org.archive.modules.fetcher.FetchHTTP.extractChallenges(FetchHTTP.java:880)
	at org.archive.modules.fetcher.FetchHTTP.handle401(FetchHTTP.java:801)
	at org.archive.modules.fetcher.FetchHTTP.innerProcess(FetchHTTP.java:743)
	at org.archive.modules.Processor.innerProcessResult(Processor.java:175)
	at org.archive.modules.Processor.process(Processor.java:142)
	at org.archive.modules.ProcessorChain.process(ProcessorChain.java:131)
	at org.archive.crawler.framework.ToeThread.run(ToeThread.java:147)
2024-07-19T15:29:33.901Z   401         98 https://openstate.eu/en/wp-json/akismet/v1/settings REX https://openstate.eu/en/wp-json/ application/json #015 20240719152933807+93 sha1:7D2NVYSKBCUYKECIT5P77ZX6CYOXTQVB - -
 java.lang.IllegalStateException: Missing auth challenge headers for uri with response status 401: https://openstate.eu/en/wp-json/akismet/v1/settings
	at org.archive.modules.fetcher.FetchHTTP.extractChallenges(FetchHTTP.java:880)
	at org.archive.modules.fetcher.FetchHTTP.handle401(FetchHTTP.java:801)
	at org.archive.modules.fetcher.FetchHTTP.innerProcess(FetchHTTP.java:743)
	at org.archive.modules.Processor.innerProcessResult(Processor.java:175)
	at org.archive.modules.Processor.process(Processor.java:142)
	at org.archive.modules.ProcessorChain.process(ProcessorChain.java:131)
	at org.archive.crawler.framework.ToeThread.run(ToeThread.java:147)
 java.lang.IllegalStateException: Missing auth challenge headers for uri with response status 401: https://openstate.eu/en/wp-json/akismet/v1/settings
	at org.archive.modules.fetcher.FetchHTTP.extractChallenges(FetchHTTP.java:880)
	at org.archive.modules.fetcher.FetchHTTP.handle401(FetchHTTP.java:801)
	at org.archive.modules.fetcher.FetchHTTP.innerProcess(FetchHTTP.java:743)
	at org.archive.modules.Processor.innerProcessResult(Processor.java:175)
	at org.archive.modules.Processor.process(Processor.java:142)
	at org.archive.modules.ProcessorChain.process(ProcessorChain.java:131)
	at org.archive.crawler.framework.ToeThread.run(ToeThread.java:147)
2024-07-19T15:29:43.503Z   401         98 https://openstate.eu/en/wp-json/akismet/v1/stats REX https://openstate.eu/en/wp-json/ application/json #015 20240719152943415+87 sha1:7D2NVYSKBCUYKECIT5P77ZX6CYOXTQVB - -
 java.lang.IllegalStateException: Missing auth challenge headers for uri with response status 401: https://openstate.eu/en/wp-json/akismet/v1/stats
	at org.archive.modules.fetcher.FetchHTTP.extractChallenges(FetchHTTP.java:880)
	at org.archive.modules.fetcher.FetchHTTP.handle401(FetchHTTP.java:801)
	at org.archive.modules.fetcher.FetchHTTP.innerProcess(FetchHTTP.java:743)
	at org.archive.modules.Processor.innerProcessResult(Processor.java:175)
	at org.archive.modules.Processor.process(Processor.java:142)
	at org.archive.modules.ProcessorChain.process(ProcessorChain.java:131)
	at org.archive.crawler.framework.ToeThread.run(ToeThread.java:147)
 java.lang.IllegalStateException: Missing auth challenge headers for uri with response status 401: https://openstate.eu/en/wp-json/akismet/v1/stats
	at org.archive.modules.fetcher.FetchHTTP.extractChallenges(FetchHTTP.java:880)
	at org.archive.modules.fetcher.FetchHTTP.handle401(FetchHTTP.java:801)
	at org.archive.modules.fetcher.FetchHTTP.innerProcess(FetchHTTP.java:743)
	at org.archive.modules.Processor.innerProcessResult(Processor.java:175)
	at org.archive.modules.Processor.process(Processor.java:142)
	at org.archive.modules.ProcessorChain.process(ProcessorChain.java:131)
	at org.archive.crawler.framework.ToeThread.run(ToeThread.java:147)
2024-07-19T15:29:52.878Z   401         98 https://openstate.eu/en/wp-json/akismet/v1/alert REX https://openstate.eu/en/wp-json/ application/json #015 20240719152952776+101 sha1:7D2NVYSKBCUYKECIT5P77ZX6CYOXTQVB - -
 java.lang.IllegalStateException: Missing auth challenge headers for uri with response status 401: https://openstate.eu/en/wp-json/akismet/v1/alert
	at org.archive.modules.fetcher.FetchHTTP.extractChallenges(FetchHTTP.java:880)
	at org.archive.modules.fetcher.FetchHTTP.handle401(FetchHTTP.java:801)
	at org.archive.modules.fetcher.FetchHTTP.innerProcess(FetchHTTP.java:743)
	at org.archive.modules.Processor.innerProcessResult(Processor.java:175)
	at org.archive.modules.Processor.process(Processor.java:142)
	at org.archive.modules.ProcessorChain.process(ProcessorChain.java:131)
	at org.archive.crawler.framework.ToeThread.run(ToeThread.java:147)
 java.lang.IllegalStateException: Missing auth challenge headers for uri with response status 401: https://openstate.eu/en/wp-json/akismet/v1/alert
	at org.archive.modules.fetcher.FetchHTTP.extractChallenges(FetchHTTP.java:880)
	at org.archive.modules.fetcher.FetchHTTP.handle401(FetchHTTP.java:801)
	at org.archive.modules.fetcher.FetchHTTP.innerProcess(FetchHTTP.java:743)
	at org.archive.modules.Processor.innerProcessResult(Processor.java:175)
	at org.archive.modules.Processor.process(Processor.java:142)
	at org.archive.modules.ProcessorChain.process(ProcessorChain.java:131)
	at org.archive.crawler.framework.ToeThread.run(ToeThread.java:147)
2024-07-19T15:30:33.488Z   401         98 https://openstate.eu/en/wp-json/redirection/v1/redirect REX https://openstate.eu/en/wp-json/ application/json #024 20240719153033399+89 sha1:7D2NVYSKBCUYKECIT5P77ZX6CYOXTQVB - -
 java.lang.IllegalStateException: Missing auth challenge headers for uri with response status 401: https://openstate.eu/en/wp-json/redirection/v1/redirect
	at org.archive.modules.fetcher.FetchHTTP.extractChallenges(FetchHTTP.java:880)
	at org.archive.modules.fetcher.FetchHTTP.handle401(FetchHTTP.java:801)
	at org.archive.modules.fetcher.FetchHTTP.innerProcess(FetchHTTP.java:743)
	at org.archive.modules.Processor.innerProcessResult(Processor.java:175)
	at org.archive.modules.Processor.process(Processor.java:142)
	at org.archive.modules.ProcessorChain.process(ProcessorChain.java:131)
	at org.archive.crawler.framework.ToeThread.run(ToeThread.java:147)
 java.lang.IllegalStateException: Missing auth challenge headers for uri with response status 401: https://openstate.eu/en/wp-json/redirection/v1/redirect
	at org.archive.modules.fetcher.FetchHTTP.extractChallenges(FetchHTTP.java:880)
	at org.archive.modules.fetcher.FetchHTTP.handle401(FetchHTTP.java:801)
	at org.archive.modules.fetcher.FetchHTTP.innerProcess(FetchHTTP.java:743)
	at org.archive.modules.Processor.innerProcessResult(Processor.java:175)
	at org.archive.modules.Processor.process(Processor.java:142)
	at org.archive.modules.ProcessorChain.process(ProcessorChain.java:131)
	at org.archive.crawler.framework.ToeThread.run(ToeThread.java:147)
2024-07-19T15:30:52.748Z   401         98 https://openstate.eu/en/wp-json/redirection/v1/group REX https://openstate.eu/en/wp-json/ application/json #014 20240719153052641+106 sha1:7D2NVYSKBCUYKECIT5P77ZX6CYOXTQVB - -
 java.lang.IllegalStateException: Missing auth challenge headers for uri with response status 401: https://openstate.eu/en/wp-json/redirection/v1/group
	at org.archive.modules.fetcher.FetchHTTP.extractChallenges(FetchHTTP.java:880)
	at org.archive.modules.fetcher.FetchHTTP.handle401(FetchHTTP.java:801)
	at org.archive.modules.fetcher.FetchHTTP.innerProcess(FetchHTTP.java:743)
	at org.archive.modules.Processor.innerProcessResult(Processor.java:175)
	at org.archive.modules.Processor.process(Processor.java:142)
	at org.archive.modules.ProcessorChain.process(ProcessorChain.java:131)
	at org.archive.crawler.framework.ToeThread.run(ToeThread.java:147)
 java.lang.IllegalStateException: Missing auth challenge headers for uri with response status 401: https://openstate.eu/en/wp-json/redirection/v1/group
	at org.archive.modules.fetcher.FetchHTTP.extractChallenges(FetchHTTP.java:880)
	at org.archive.modules.fetcher.FetchHTTP.handle401(FetchHTTP.java:801)
	at org.archive.modules.fetcher.FetchHTTP.innerProcess(FetchHTTP.java:743)
	at org.archive.modules.Processor.innerProcessResult(Processor.java:175)
	at org.archive.modules.Processor.process(Processor.java:142)
	at org.archive.modules.ProcessorChain.process(ProcessorChain.java:131)
	at org.archive.crawler.framework.ToeThread.run(ToeThread.java:147)
2024-07-19T15:31:02.146Z   401         98 https://openstate.eu/en/wp-json/redirection/v1/log REX https://openstate.eu/en/wp-json/ application/json #014 20240719153102059+87 sha1:7D2NVYSKBCUYKECIT5P77ZX6CYOXTQVB - -
 java.lang.IllegalStateException: Missing auth challenge headers for uri with response status 401: https://openstate.eu/en/wp-json/redirection/v1/log
	at org.archive.modules.fetcher.FetchHTTP.extractChallenges(FetchHTTP.java:880)
	at org.archive.modules.fetcher.FetchHTTP.handle401(FetchHTTP.java:801)
	at org.archive.modules.fetcher.FetchHTTP.innerProcess(FetchHTTP.java:743)
	at org.archive.modules.Processor.innerProcessResult(Processor.java:175)
	at org.archive.modules.Processor.process(Processor.java:142)
	at org.archive.modules.ProcessorChain.process(ProcessorChain.java:131)
	at org.archive.crawler.framework.ToeThread.run(ToeThread.java:147)
 java.lang.IllegalStateException: Missing auth challenge headers for uri with response status 401: https://openstate.eu/en/wp-json/redirection/v1/log
	at org.archive.modules.fetcher.FetchHTTP.extractChallenges(FetchHTTP.java:880)
	at org.archive.modules.fetcher.FetchHTTP.handle401(FetchHTTP.java:801)
	at org.archive.modules.fetcher.FetchHTTP.innerProcess(FetchHTTP.java:743)
	at org.archive.modules.Processor.innerProcessResult(Processor.java:175)
	at org.archive.modules.Processor.process(Processor.java:142)
	at org.archive.modules.ProcessorChain.process(ProcessorChain.java:131)
	at org.archive.crawler.framework.ToeThread.run(ToeThread.java:147)
2024-07-19T15:31:11.623Z   401         98 https://openstate.eu/en/wp-json/redirection/v1/404 REX https://openstate.eu/en/wp-json/ application/json #014 20240719153111495+127 sha1:7D2NVYSKBCUYKECIT5P77ZX6CYOXTQVB - -
 java.lang.IllegalStateException: Missing auth challenge headers for uri with response status 401: https://openstate.eu/en/wp-json/redirection/v1/404
	at org.archive.modules.fetcher.FetchHTTP.extractChallenges(FetchHTTP.java:880)
	at org.archive.modules.fetcher.FetchHTTP.handle401(FetchHTTP.java:801)
	at org.archive.modules.fetcher.FetchHTTP.innerProcess(FetchHTTP.java:743)
	at org.archive.modules.Processor.innerProcessResult(Processor.java:175)
	at org.archive.modules.Processor.process(Processor.java:142)
	at org.archive.modules.ProcessorChain.process(ProcessorChain.java:131)
	at org.archive.crawler.framework.ToeThread.run(ToeThread.java:147)
 java.lang.IllegalStateException: Missing auth challenge headers for uri with response status 401: https://openstate.eu/en/wp-json/redirection/v1/404
	at org.archive.modules.fetcher.FetchHTTP.extractChallenges(FetchHTTP.java:880)
	at org.archive.modules.fetcher.FetchHTTP.handle401(FetchHTTP.java:801)
	at org.archive.modules.fetcher.FetchHTTP.innerProcess(FetchHTTP.java:743)
	at org.archive.modules.Processor.innerProcessResult(Processor.java:175)
	at org.archive.modules.Processor.process(Processor.java:142)
	at org.archive.modules.ProcessorChain.process(ProcessorChain.java:131)
	at org.archive.crawler.framework.ToeThread.run(ToeThread.java:147)
2024-07-19T15:31:21.021Z   401         98 https://openstate.eu/en/wp-json/redirection/v1/setting REX https://openstate.eu/en/wp-json/ application/json #014 20240719153120891+129 sha1:7D2NVYSKBCUYKECIT5P77ZX6CYOXTQVB - -
 java.lang.IllegalStateException: Missing auth challenge headers for uri with response status 401: https://openstate.eu/en/wp-json/redirection/v1/setting
	at org.archive.modules.fetcher.FetchHTTP.extractChallenges(FetchHTTP.java:880)
	at org.archive.modules.fetcher.FetchHTTP.handle401(FetchHTTP.java:801)
	at org.archive.modules.fetcher.FetchHTTP.innerProcess(FetchHTTP.java:743)
	at org.archive.modules.Processor.innerProcessResult(Processor.java:175)
	at org.archive.modules.Processor.process(Processor.java:142)
	at org.archive.modules.ProcessorChain.process(ProcessorChain.java:131)
	at org.archive.crawler.framework.ToeThread.run(ToeThread.java:147)
 java.lang.IllegalStateException: Missing auth challenge headers for uri with response status 401: https://openstate.eu/en/wp-json/redirection/v1/setting
	at org.archive.modules.fetcher.FetchHTTP.extractChallenges(FetchHTTP.java:880)
	at org.archive.modules.fetcher.FetchHTTP.handle401(FetchHTTP.java:801)
	at org.archive.modules.fetcher.FetchHTTP.innerProcess(FetchHTTP.java:743)
	at org.archive.modules.Processor.innerProcessResult(Processor.java:175)
	at org.archive.modules.Processor.process(Processor.java:142)
	at org.archive.modules.ProcessorChain.process(ProcessorChain.java:131)
	at org.archive.crawler.framework.ToeThread.run(ToeThread.java:147)
2024-07-19T15:31:30.472Z   401         98 https://openstate.eu/en/wp-json/redirection/v1/plugin REX https://openstate.eu/en/wp-json/ application/json #014 20240719153130382+90 sha1:7D2NVYSKBCUYKECIT5P77ZX6CYOXTQVB - -
 java.lang.IllegalStateException: Missing auth challenge headers for uri with response status 401: https://openstate.eu/en/wp-json/redirection/v1/plugin
	at org.archive.modules.fetcher.FetchHTTP.extractChallenges(FetchHTTP.java:880)
	at org.archive.modules.fetcher.FetchHTTP.handle401(FetchHTTP.java:801)
	at org.archive.modules.fetcher.FetchHTTP.innerProcess(FetchHTTP.java:743)
	at org.archive.modules.Processor.innerProcessResult(Processor.java:175)
	at org.archive.modules.Processor.process(Processor.java:142)
	at org.archive.modules.ProcessorChain.process(ProcessorChain.java:131)
	at org.archive.crawler.framework.ToeThread.run(ToeThread.java:147)
 java.lang.IllegalStateException: Missing auth challenge headers for uri with response status 401: https://openstate.eu/en/wp-json/redirection/v1/plugin
	at org.archive.modules.fetcher.FetchHTTP.extractChallenges(FetchHTTP.java:880)
	at org.archive.modules.fetcher.FetchHTTP.handle401(FetchHTTP.java:801)
	at org.archive.modules.fetcher.FetchHTTP.innerProcess(FetchHTTP.java:743)
	at org.archive.modules.Processor.innerProcessResult(Processor.java:175)
	at org.archive.modules.Processor.process(Processor.java:142)
	at org.archive.modules.ProcessorChain.process(ProcessorChain.java:131)
	at org.archive.crawler.framework.ToeThread.run(ToeThread.java:147)
2024-07-19T15:31:49.270Z   401         98 https://openstate.eu/en/wp-json/redirection/v1/plugin/test REX https://openstate.eu/en/wp-json/ application/json #014 20240719153149178+91 sha1:7D2NVYSKBCUYKECIT5P77ZX6CYOXTQVB - -
 java.lang.IllegalStateException: Missing auth challenge headers for uri with response status 401: https://openstate.eu/en/wp-json/redirection/v1/plugin/test
	at org.archive.modules.fetcher.FetchHTTP.extractChallenges(FetchHTTP.java:880)
	at org.archive.modules.fetcher.FetchHTTP.handle401(FetchHTTP.java:801)
	at org.archive.modules.fetcher.FetchHTTP.innerProcess(FetchHTTP.java:743)
	at org.archive.modules.Processor.innerProcessResult(Processor.java:175)
	at org.archive.modules.Processor.process(Processor.java:142)
	at org.archive.modules.ProcessorChain.process(ProcessorChain.java:131)
	at org.archive.crawler.framework.ToeThread.run(ToeThread.java:147)
 java.lang.IllegalStateException: Missing auth challenge headers for uri with response status 401: https://openstate.eu/en/wp-json/redirection/v1/plugin/test
	at org.archive.modules.fetcher.FetchHTTP.extractChallenges(FetchHTTP.java:880)
	at org.archive.modules.fetcher.FetchHTTP.handle401(FetchHTTP.java:801)
	at org.archive.modules.fetcher.FetchHTTP.innerProcess(FetchHTTP.java:743)
	at org.archive.modules.Processor.innerProcessResult(Processor.java:175)
	at org.archive.modules.Processor.process(Processor.java:142)
	at org.archive.modules.ProcessorChain.process(ProcessorChain.java:131)
	at org.archive.crawler.framework.ToeThread.run(ToeThread.java:147)
2024-07-19T15:32:13.917Z   401         98 https://openstate.eu/en/wp-json/redirection/v1/import/plugin REX https://openstate.eu/en/wp-json/ application/json #005 20240719153213795+122 sha1:7D2NVYSKBCUYKECIT5P77ZX6CYOXTQVB - -
 java.lang.IllegalStateException: Missing auth challenge headers for uri with response status 401: https://openstate.eu/en/wp-json/redirection/v1/import/plugin
	at org.archive.modules.fetcher.FetchHTTP.extractChallenges(FetchHTTP.java:880)
	at org.archive.modules.fetcher.FetchHTTP.handle401(FetchHTTP.java:801)
	at org.archive.modules.fetcher.FetchHTTP.innerProcess(FetchHTTP.java:743)
	at org.archive.modules.Processor.innerProcessResult(Processor.java:175)
	at org.archive.modules.Processor.process(Processor.java:142)
	at org.archive.modules.ProcessorChain.process(ProcessorChain.java:131)
	at org.archive.crawler.framework.ToeThread.run(ToeThread.java:147)
 java.lang.IllegalStateException: Missing auth challenge headers for uri with response status 401: https://openstate.eu/en/wp-json/redirection/v1/import/plugin
	at org.archive.modules.fetcher.FetchHTTP.extractChallenges(FetchHTTP.java:880)
	at org.archive.modules.fetcher.FetchHTTP.handle401(FetchHTTP.java:801)
	at org.archive.modules.fetcher.FetchHTTP.innerProcess(FetchHTTP.java:743)
	at org.archive.modules.Processor.innerProcessResult(Processor.java:175)
	at org.archive.modules.Processor.process(Processor.java:142)
	at org.archive.modules.ProcessorChain.process(ProcessorChain.java:131)
	at org.archive.crawler.framework.ToeThread.run(ToeThread.java:147)
2024-07-19T15:33:24.319Z   401        108 https://openstate.eu/en/wp-json/wp/v2/menu-items REX https://openstate.eu/en/wp-json/ application/json #002 20240719153324216+101 sha1:DHN4H33VCK6VJXBXTIAQLDIVRJ2Y35ET - -
 java.lang.IllegalStateException: Missing auth challenge headers for uri with response status 401: https://openstate.eu/en/wp-json/wp/v2/menu-items
	at org.archive.modules.fetcher.FetchHTTP.extractChallenges(FetchHTTP.java:880)
	at org.archive.modules.fetcher.FetchHTTP.handle401(FetchHTTP.java:801)
	at org.archive.modules.fetcher.FetchHTTP.innerProcess(FetchHTTP.java:743)
	at org.archive.modules.Processor.innerProcessResult(Processor.java:175)
	at org.archive.modules.Processor.process(Processor.java:142)
	at org.archive.modules.ProcessorChain.process(ProcessorChain.java:131)
	at org.archive.crawler.framework.ToeThread.run(ToeThread.java:147)
 java.lang.IllegalStateException: Missing auth challenge headers for uri with response status 401: https://openstate.eu/en/wp-json/wp/v2/menu-items
	at org.archive.modules.fetcher.FetchHTTP.extractChallenges(FetchHTTP.java:880)
	at org.archive.modules.fetcher.FetchHTTP.handle401(FetchHTTP.java:801)
	at org.archive.modules.fetcher.FetchHTTP.innerProcess(FetchHTTP.java:743)
	at org.archive.modules.Processor.innerProcessResult(Processor.java:175)
	at org.archive.modules.Processor.process(Processor.java:142)
	at org.archive.modules.ProcessorChain.process(ProcessorChain.java:131)
	at org.archive.crawler.framework.ToeThread.run(ToeThread.java:147)
2024-07-19T15:33:43.445Z   401        138 https://openstate.eu/en/wp-json/wp/v2/templates REX https://openstate.eu/en/wp-json/ application/json #002 20240719153343341+103 sha1:4UWI6P3UOE56AUTDJ3INKBWP5PHQ2GJT - -
 java.lang.IllegalStateException: Missing auth challenge headers for uri with response status 401: https://openstate.eu/en/wp-json/wp/v2/templates
	at org.archive.modules.fetcher.FetchHTTP.extractChallenges(FetchHTTP.java:880)
	at org.archive.modules.fetcher.FetchHTTP.handle401(FetchHTTP.java:801)
	at org.archive.modules.fetcher.FetchHTTP.innerProcess(FetchHTTP.java:743)
	at org.archive.modules.Processor.innerProcessResult(Processor.java:175)
	at org.archive.modules.Processor.process(Processor.java:142)
	at org.archive.modules.ProcessorChain.process(ProcessorChain.java:131)
	at org.archive.crawler.framework.ToeThread.run(ToeThread.java:147)
 java.lang.IllegalStateException: Missing auth challenge headers for uri with response status 401: https://openstate.eu/en/wp-json/wp/v2/templates
	at org.archive.modules.fetcher.FetchHTTP.extractChallenges(FetchHTTP.java:880)
	at org.archive.modules.fetcher.FetchHTTP.handle401(FetchHTTP.java:801)
	at org.archive.modules.fetcher.FetchHTTP.innerProcess(FetchHTTP.java:743)
	at org.archive.modules.Processor.innerProcessResult(Processor.java:175)
	at org.archive.modules.Processor.process(Processor.java:142)
	at org.archive.modules.ProcessorChain.process(ProcessorChain.java:131)
	at org.archive.crawler.framework.ToeThread.run(ToeThread.java:147)
2024-07-19T15:34:02.242Z   401        138 https://openstate.eu/en/wp-json/wp/v2/template-parts REX https://openstate.eu/en/wp-json/ application/json #011 20240719153402146+94 sha1:4UWI6P3UOE56AUTDJ3INKBWP5PHQ2GJT - -
 java.lang.IllegalStateException: Missing auth challenge headers for uri with response status 401: https://openstate.eu/en/wp-json/wp/v2/template-parts
	at org.archive.modules.fetcher.FetchHTTP.extractChallenges(FetchHTTP.java:880)
	at org.archive.modules.fetcher.FetchHTTP.handle401(FetchHTTP.java:801)
	at org.archive.modules.fetcher.FetchHTTP.innerProcess(FetchHTTP.java:743)
	at org.archive.modules.Processor.innerProcessResult(Processor.java:175)
	at org.archive.modules.Processor.process(Processor.java:142)
	at org.archive.modules.ProcessorChain.process(ProcessorChain.java:131)
	at org.archive.crawler.framework.ToeThread.run(ToeThread.java:147)
 java.lang.IllegalStateException: Missing auth challenge headers for uri with response status 401: https://openstate.eu/en/wp-json/wp/v2/template-parts
	at org.archive.modules.fetcher.FetchHTTP.extractChallenges(FetchHTTP.java:880)
	at org.archive.modules.fetcher.FetchHTTP.handle401(FetchHTTP.java:801)
	at org.archive.modules.fetcher.FetchHTTP.innerProcess(FetchHTTP.java:743)
	at org.archive.modules.Processor.innerProcessResult(Processor.java:175)
	at org.archive.modules.Processor.process(Processor.java:142)
	at org.archive.modules.ProcessorChain.process(ProcessorChain.java:131)
	at org.archive.crawler.framework.ToeThread.run(ToeThread.java:147)
2024-07-19T15:34:30.680Z   401        113 https://openstate.eu/en/wp-json/wp/v2/font-families REX https://openstate.eu/en/wp-json/ application/json #020 20240719153430559+120 sha1:535T5TQXQJLNIEMW6XU2DOUTH466YL37 - -
 java.lang.IllegalStateException: Missing auth challenge headers for uri with response status 401: https://openstate.eu/en/wp-json/wp/v2/font-families
	at org.archive.modules.fetcher.FetchHTTP.extractChallenges(FetchHTTP.java:880)
	at org.archive.modules.fetcher.FetchHTTP.handle401(FetchHTTP.java:801)
	at org.archive.modules.fetcher.FetchHTTP.innerProcess(FetchHTTP.java:743)
	at org.archive.modules.Processor.innerProcessResult(Processor.java:175)
	at org.archive.modules.Processor.process(Processor.java:142)
	at org.archive.modules.ProcessorChain.process(ProcessorChain.java:131)
	at org.archive.crawler.framework.ToeThread.run(ToeThread.java:147)
 java.lang.IllegalStateException: Missing auth challenge headers for uri with response status 401: https://openstate.eu/en/wp-json/wp/v2/font-families
	at org.archive.modules.fetcher.FetchHTTP.extractChallenges(FetchHTTP.java:880)
	at org.archive.modules.fetcher.FetchHTTP.handle401(FetchHTTP.java:801)
	at org.archive.modules.fetcher.FetchHTTP.innerProcess(FetchHTTP.java:743)
	at org.archive.modules.Processor.innerProcessResult(Processor.java:175)
	at org.archive.modules.Processor.process(Processor.java:142)
	at org.archive.modules.ProcessorChain.process(ProcessorChain.java:131)
	at org.archive.crawler.framework.ToeThread.run(ToeThread.java:147)
2024-07-19T15:35:27.688Z   401        103 https://openstate.eu/en/wp-json/wp/v2/menus REX https://openstate.eu/en/wp-json/ application/json #014 20240719153527586+101 sha1:2VOVKGCP3U63LD3IRLIF52OPVJPQZUO7 - -
 java.lang.IllegalStateException: Missing auth challenge headers for uri with response status 401: https://openstate.eu/en/wp-json/wp/v2/menus
	at org.archive.modules.fetcher.FetchHTTP.extractChallenges(FetchHTTP.java:880)
	at org.archive.modules.fetcher.FetchHTTP.handle401(FetchHTTP.java:801)
	at org.archive.modules.fetcher.FetchHTTP.innerProcess(FetchHTTP.java:743)
	at org.archive.modules.Processor.innerProcessResult(Processor.java:175)
	at org.archive.modules.Processor.process(Processor.java:142)
	at org.archive.modules.ProcessorChain.process(ProcessorChain.java:131)
	at org.archive.crawler.framework.ToeThread.run(ToeThread.java:147)
 java.lang.IllegalStateException: Missing auth challenge headers for uri with response status 401: https://openstate.eu/en/wp-json/wp/v2/menus
	at org.archive.modules.fetcher.FetchHTTP.extractChallenges(FetchHTTP.java:880)
	at org.archive.modules.fetcher.FetchHTTP.handle401(FetchHTTP.java:801)
	at org.archive.modules.fetcher.FetchHTTP.innerProcess(FetchHTTP.java:743)
	at org.archive.modules.Processor.innerProcessResult(Processor.java:175)
	at org.archive.modules.Processor.process(Processor.java:142)
	at org.archive.modules.ProcessorChain.process(ProcessorChain.java:131)
	at org.archive.crawler.framework.ToeThread.run(ToeThread.java:147)
2024-07-19T15:35:59.042Z   401         96 https://openstate.eu/en/wp-json/wp/v2/users/me REX https://openstate.eu/en/wp-json/ application/json #014 20240719153558948+93 sha1:FENOPVQ4BIQVGJPETJCHCDXGPPZ5OLBE - -
 java.lang.IllegalStateException: Missing auth challenge headers for uri with response status 401: https://openstate.eu/en/wp-json/wp/v2/users/me
	at org.archive.modules.fetcher.FetchHTTP.extractChallenges(FetchHTTP.java:880)
	at org.archive.modules.fetcher.FetchHTTP.handle401(FetchHTTP.java:801)
	at org.archive.modules.fetcher.FetchHTTP.innerProcess(FetchHTTP.java:743)
	at org.archive.modules.Processor.innerProcessResult(Processor.java:175)
	at org.archive.modules.Processor.process(Processor.java:142)
	at org.archive.modules.ProcessorChain.process(ProcessorChain.java:131)
	at org.archive.crawler.framework.ToeThread.run(ToeThread.java:147)
 java.lang.IllegalStateException: Missing auth challenge headers for uri with response status 401: https://openstate.eu/en/wp-json/wp/v2/users/me
	at org.archive.modules.fetcher.FetchHTTP.extractChallenges(FetchHTTP.java:880)
	at org.archive.modules.fetcher.FetchHTTP.handle401(FetchHTTP.java:801)
	at org.archive.modules.fetcher.FetchHTTP.innerProcess(FetchHTTP.java:743)
	at org.archive.modules.Processor.innerProcessResult(Processor.java:175)
	at org.archive.modules.Processor.process(Processor.java:142)
	at org.archive.modules.ProcessorChain.process(ProcessorChain.java:131)
	at org.archive.crawler.framework.ToeThread.run(ToeThread.java:147)
2024-07-19T15:36:30.884Z   401        122 https://openstate.eu/en/wp-json/wp/v2/block-types REX https://openstate.eu/en/wp-json/ application/json #017 20240719153630788+95 sha1:G2WCAZWQWODF32SL2APGX2MQKTY7HVBD - -
 java.lang.IllegalStateException: Missing auth challenge headers for uri with response status 401: https://openstate.eu/en/wp-json/wp/v2/block-types
	at org.archive.modules.fetcher.FetchHTTP.extractChallenges(FetchHTTP.java:880)
	at org.archive.modules.fetcher.FetchHTTP.handle401(FetchHTTP.java:801)
	at org.archive.modules.fetcher.FetchHTTP.innerProcess(FetchHTTP.java:743)
	at org.archive.modules.Processor.innerProcessResult(Processor.java:175)
	at org.archive.modules.Processor.process(Processor.java:142)
	at org.archive.modules.ProcessorChain.process(ProcessorChain.java:131)
	at org.archive.crawler.framework.ToeThread.run(ToeThread.java:147)
 java.lang.IllegalStateException: Missing auth challenge headers for uri with response status 401: https://openstate.eu/en/wp-json/wp/v2/block-types
	at org.archive.modules.fetcher.FetchHTTP.extractChallenges(FetchHTTP.java:880)
	at org.archive.modules.fetcher.FetchHTTP.handle401(FetchHTTP.java:801)
	at org.archive.modules.fetcher.FetchHTTP.innerProcess(FetchHTTP.java:743)
	at org.archive.modules.Processor.innerProcessResult(Processor.java:175)
	at org.archive.modules.Processor.process(Processor.java:142)
	at org.archive.modules.ProcessorChain.process(ProcessorChain.java:131)
	at org.archive.crawler.framework.ToeThread.run(ToeThread.java:147)
2024-07-19T15:36:40.523Z   401         98 https://openstate.eu/en/wp-json/wp/v2/settings REX https://openstate.eu/en/wp-json/ application/json #003 20240719153640287+235 sha1:7D2NVYSKBCUYKECIT5P77ZX6CYOXTQVB - -
 java.lang.IllegalStateException: Missing auth challenge headers for uri with response status 401: https://openstate.eu/en/wp-json/wp/v2/settings
	at org.archive.modules.fetcher.FetchHTTP.extractChallenges(FetchHTTP.java:880)
	at org.archive.modules.fetcher.FetchHTTP.handle401(FetchHTTP.java:801)
	at org.archive.modules.fetcher.FetchHTTP.innerProcess(FetchHTTP.java:743)
	at org.archive.modules.Processor.innerProcessResult(Processor.java:175)
	at org.archive.modules.Processor.process(Processor.java:142)
	at org.archive.modules.ProcessorChain.process(ProcessorChain.java:131)
	at org.archive.crawler.framework.ToeThread.run(ToeThread.java:147)
 java.lang.IllegalStateException: Missing auth challenge headers for uri with response status 401: https://openstate.eu/en/wp-json/wp/v2/settings
	at org.archive.modules.fetcher.FetchHTTP.extractChallenges(FetchHTTP.java:880)
	at org.archive.modules.fetcher.FetchHTTP.handle401(FetchHTTP.java:801)
	at org.archive.modules.fetcher.FetchHTTP.innerProcess(FetchHTTP.java:743)
	at org.archive.modules.Processor.innerProcessResult(Processor.java:175)
	at org.archive.modules.Processor.process(Processor.java:142)
	at org.archive.modules.ProcessorChain.process(ProcessorChain.java:131)
	at org.archive.crawler.framework.ToeThread.run(ToeThread.java:147)
2024-07-19T15:36:50.215Z   401        111 https://openstate.eu/en/wp-json/wp/v2/themes REX https://openstate.eu/en/wp-json/ application/json #003 20240719153650122+92 sha1:WPY3VJZTTWERMWZSP6XQ5RJAXCWACSQ5 - -
 java.lang.IllegalStateException: Missing auth challenge headers for uri with response status 401: https://openstate.eu/en/wp-json/wp/v2/themes
	at org.archive.modules.fetcher.FetchHTTP.extractChallenges(FetchHTTP.java:880)
	at org.archive.modules.fetcher.FetchHTTP.handle401(FetchHTTP.java:801)
	at org.archive.modules.fetcher.FetchHTTP.innerProcess(FetchHTTP.java:743)
	at org.archive.modules.Processor.innerProcessResult(Processor.java:175)
	at org.archive.modules.Processor.process(Processor.java:142)
	at org.archive.modules.ProcessorChain.process(ProcessorChain.java:131)
	at org.archive.crawler.framework.ToeThread.run(ToeThread.java:147)
 java.lang.IllegalStateException: Missing auth challenge headers for uri with response status 401: https://openstate.eu/en/wp-json/wp/v2/themes
	at org.archive.modules.fetcher.FetchHTTP.extractChallenges(FetchHTTP.java:880)
	at org.archive.modules.fetcher.FetchHTTP.handle401(FetchHTTP.java:801)
	at org.archive.modules.fetcher.FetchHTTP.innerProcess(FetchHTTP.java:743)
	at org.archive.modules.Processor.innerProcessResult(Processor.java:175)
	at org.archive.modules.Processor.process(Processor.java:142)
	at org.archive.modules.ProcessorChain.process(ProcessorChain.java:131)
	at org.archive.crawler.framework.ToeThread.run(ToeThread.java:147)
2024-07-19T15:36:59.579Z   401        129 https://openstate.eu/en/wp-json/wp/v2/plugins REX https://openstate.eu/en/wp-json/ application/json #003 20240719153659465+113 sha1:6GGHD6XWM6R26SORJZQKXO2ONVET75Q5 - -
 java.lang.IllegalStateException: Missing auth challenge headers for uri with response status 401: https://openstate.eu/en/wp-json/wp/v2/plugins
	at org.archive.modules.fetcher.FetchHTTP.extractChallenges(FetchHTTP.java:880)
	at org.archive.modules.fetcher.FetchHTTP.handle401(FetchHTTP.java:801)
	at org.archive.modules.fetcher.FetchHTTP.innerProcess(FetchHTTP.java:743)
	at org.archive.modules.Processor.innerProcessResult(Processor.java:175)
	at org.archive.modules.Processor.process(Processor.java:142)
	at org.archive.modules.ProcessorChain.process(ProcessorChain.java:131)
	at org.archive.crawler.framework.ToeThread.run(ToeThread.java:147)
 java.lang.IllegalStateException: Missing auth challenge headers for uri with response status 401: https://openstate.eu/en/wp-json/wp/v2/plugins
	at org.archive.modules.fetcher.FetchHTTP.extractChallenges(FetchHTTP.java:880)
	at org.archive.modules.fetcher.FetchHTTP.handle401(FetchHTTP.java:801)
	at org.archive.modules.fetcher.FetchHTTP.innerProcess(FetchHTTP.java:743)
	at org.archive.modules.Processor.innerProcessResult(Processor.java:175)
	at org.archive.modules.Processor.process(Processor.java:142)
	at org.archive.modules.ProcessorChain.process(ProcessorChain.java:131)
	at org.archive.crawler.framework.ToeThread.run(ToeThread.java:147)
2024-07-19T15:37:09.024Z   401        130 https://openstate.eu/en/wp-json/wp/v2/sidebars REX https://openstate.eu/en/wp-json/ application/json #003 20240719153708898+126 sha1:4X2JRUUK6ZRTXMBVDGFK6XF2YJPECLBT - -
 java.lang.IllegalStateException: Missing auth challenge headers for uri with response status 401: https://openstate.eu/en/wp-json/wp/v2/sidebars
	at org.archive.modules.fetcher.FetchHTTP.extractChallenges(FetchHTTP.java:880)
	at org.archive.modules.fetcher.FetchHTTP.handle401(FetchHTTP.java:801)
	at org.archive.modules.fetcher.FetchHTTP.innerProcess(FetchHTTP.java:743)
	at org.archive.modules.Processor.innerProcessResult(Processor.java:175)
	at org.archive.modules.Processor.process(Processor.java:142)
	at org.archive.modules.ProcessorChain.process(ProcessorChain.java:131)
	at org.archive.crawler.framework.ToeThread.run(ToeThread.java:147)
 java.lang.IllegalStateException: Missing auth challenge headers for uri with response status 401: https://openstate.eu/en/wp-json/wp/v2/sidebars
	at org.archive.modules.fetcher.FetchHTTP.extractChallenges(FetchHTTP.java:880)
	at org.archive.modules.fetcher.FetchHTTP.handle401(FetchHTTP.java:801)
	at org.archive.modules.fetcher.FetchHTTP.innerProcess(FetchHTTP.java:743)
	at org.archive.modules.Processor.innerProcessResult(Processor.java:175)
	at org.archive.modules.Processor.process(Processor.java:142)
	at org.archive.modules.ProcessorChain.process(ProcessorChain.java:131)
	at org.archive.crawler.framework.ToeThread.run(ToeThread.java:147)
2024-07-19T15:37:18.490Z   401        130 https://openstate.eu/en/wp-json/wp/v2/widget-types REX https://openstate.eu/en/wp-json/ application/json #008 20240719153718383+106 sha1:4X2JRUUK6ZRTXMBVDGFK6XF2YJPECLBT - -
 java.lang.IllegalStateException: Missing auth challenge headers for uri with response status 401: https://openstate.eu/en/wp-json/wp/v2/widget-types
	at org.archive.modules.fetcher.FetchHTTP.extractChallenges(FetchHTTP.java:880)
	at org.archive.modules.fetcher.FetchHTTP.handle401(FetchHTTP.java:801)
	at org.archive.modules.fetcher.FetchHTTP.innerProcess(FetchHTTP.java:743)
	at org.archive.modules.Processor.innerProcessResult(Processor.java:175)
	at org.archive.modules.Processor.process(Processor.java:142)
	at org.archive.modules.ProcessorChain.process(ProcessorChain.java:131)
	at org.archive.crawler.framework.ToeThread.run(ToeThread.java:147)
 java.lang.IllegalStateException: Missing auth challenge headers for uri with response status 401: https://openstate.eu/en/wp-json/wp/v2/widget-types
	at org.archive.modules.fetcher.FetchHTTP.extractChallenges(FetchHTTP.java:880)
	at org.archive.modules.fetcher.FetchHTTP.handle401(FetchHTTP.java:801)
	at org.archive.modules.fetcher.FetchHTTP.innerProcess(FetchHTTP.java:743)
	at org.archive.modules.Processor.innerProcessResult(Processor.java:175)
	at org.archive.modules.Processor.process(Processor.java:142)
	at org.archive.modules.ProcessorChain.process(ProcessorChain.java:131)
	at org.archive.crawler.framework.ToeThread.run(ToeThread.java:147)
2024-07-19T15:37:27.839Z   401        130 https://openstate.eu/en/wp-json/wp/v2/widgets REX https://openstate.eu/en/wp-json/ application/json #008 20240719153727743+96 sha1:4X2JRUUK6ZRTXMBVDGFK6XF2YJPECLBT - -
 java.lang.IllegalStateException: Missing auth challenge headers for uri with response status 401: https://openstate.eu/en/wp-json/wp/v2/widgets
	at org.archive.modules.fetcher.FetchHTTP.extractChallenges(FetchHTTP.java:880)
	at org.archive.modules.fetcher.FetchHTTP.handle401(FetchHTTP.java:801)
	at org.archive.modules.fetcher.FetchHTTP.innerProcess(FetchHTTP.java:743)
	at org.archive.modules.Processor.innerProcessResult(Processor.java:175)
	at org.archive.modules.Processor.process(Processor.java:142)
	at org.archive.modules.ProcessorChain.process(ProcessorChain.java:131)
	at org.archive.crawler.framework.ToeThread.run(ToeThread.java:147)
 java.lang.IllegalStateException: Missing auth challenge headers for uri with response status 401: https://openstate.eu/en/wp-json/wp/v2/widgets
	at org.archive.modules.fetcher.FetchHTTP.extractChallenges(FetchHTTP.java:880)
	at org.archive.modules.fetcher.FetchHTTP.handle401(FetchHTTP.java:801)
	at org.archive.modules.fetcher.FetchHTTP.innerProcess(FetchHTTP.java:743)
	at org.archive.modules.Processor.innerProcessResult(Processor.java:175)
	at org.archive.modules.Processor.process(Processor.java:142)
	at org.archive.modules.ProcessorChain.process(ProcessorChain.java:131)
	at org.archive.crawler.framework.ToeThread.run(ToeThread.java:147)
2024-07-19T15:37:46.644Z   401        151 https://openstate.eu/en/wp-json/wp/v2/pattern-directory/patterns REX https://openstate.eu/en/wp-json/ application/json #008 20240719153746542+101 sha1:TH6VQ6MQI5EICULTFF4G3JRUSLFISOIH - -
 java.lang.IllegalStateException: Missing auth challenge headers for uri with response status 401: https://openstate.eu/en/wp-json/wp/v2/pattern-directory/patterns
	at org.archive.modules.fetcher.FetchHTTP.extractChallenges(FetchHTTP.java:880)
	at org.archive.modules.fetcher.FetchHTTP.handle401(FetchHTTP.java:801)
	at org.archive.modules.fetcher.FetchHTTP.innerProcess(FetchHTTP.java:743)
	at org.archive.modules.Processor.innerProcessResult(Processor.java:175)
	at org.archive.modules.Processor.process(Processor.java:142)
	at org.archive.modules.ProcessorChain.process(ProcessorChain.java:131)
	at org.archive.crawler.framework.ToeThread.run(ToeThread.java:147)
 java.lang.IllegalStateException: Missing auth challenge headers for uri with response status 401: https://openstate.eu/en/wp-json/wp/v2/pattern-directory/patterns
	at org.archive.modules.fetcher.FetchHTTP.extractChallenges(FetchHTTP.java:880)
	at org.archive.modules.fetcher.FetchHTTP.handle401(FetchHTTP.java:801)
	at org.archive.modules.fetcher.FetchHTTP.innerProcess(FetchHTTP.java:743)
	at org.archive.modules.Processor.innerProcessResult(Processor.java:175)
	at org.archive.modules.Processor.process(Processor.java:142)
	at org.archive.modules.ProcessorChain.process(ProcessorChain.java:131)
	at org.archive.crawler.framework.ToeThread.run(ToeThread.java:147)
2024-07-19T15:37:56.053Z   401        127 https://openstate.eu/en/wp-json/wp/v2/block-patterns/patterns REX https://openstate.eu/en/wp-json/ application/json #008 20240719153755964+88 sha1:JLYJX73J662BFWMK27F6OWDHDMCBGRJP - -
 java.lang.IllegalStateException: Missing auth challenge headers for uri with response status 401: https://openstate.eu/en/wp-json/wp/v2/block-patterns/patterns
	at org.archive.modules.fetcher.FetchHTTP.extractChallenges(FetchHTTP.java:880)
	at org.archive.modules.fetcher.FetchHTTP.handle401(FetchHTTP.java:801)
	at org.archive.modules.fetcher.FetchHTTP.innerProcess(FetchHTTP.java:743)
	at org.archive.modules.Processor.innerProcessResult(Processor.java:175)
	at org.archive.modules.Processor.process(Processor.java:142)
	at org.archive.modules.ProcessorChain.process(ProcessorChain.java:131)
	at org.archive.crawler.framework.ToeThread.run(ToeThread.java:147)
 java.lang.IllegalStateException: Missing auth challenge headers for uri with response status 401: https://openstate.eu/en/wp-json/wp/v2/block-patterns/patterns
	at org.archive.modules.fetcher.FetchHTTP.extractChallenges(FetchHTTP.java:880)
	at org.archive.modules.fetcher.FetchHTTP.handle401(FetchHTTP.java:801)
	at org.archive.modules.fetcher.FetchHTTP.innerProcess(FetchHTTP.java:743)
	at org.archive.modules.Processor.innerProcessResult(Processor.java:175)
	at org.archive.modules.Processor.process(Processor.java:142)
	at org.archive.modules.ProcessorChain.process(ProcessorChain.java:131)
	at org.archive.crawler.framework.ToeThread.run(ToeThread.java:147)
2024-07-19T15:38:05.435Z   401        137 https://openstate.eu/en/wp-json/wp/v2/block-patterns/categories REX https://openstate.eu/en/wp-json/ application/json #008 20240719153805330+103 sha1:UTW743UZJNXFZAM26NZWOLRVLBYUOWJD - -
 java.lang.IllegalStateException: Missing auth challenge headers for uri with response status 401: https://openstate.eu/en/wp-json/wp/v2/block-patterns/categories
	at org.archive.modules.fetcher.FetchHTTP.extractChallenges(FetchHTTP.java:880)
	at org.archive.modules.fetcher.FetchHTTP.handle401(FetchHTTP.java:801)
	at org.archive.modules.fetcher.FetchHTTP.innerProcess(FetchHTTP.java:743)
	at org.archive.modules.Processor.innerProcessResult(Processor.java:175)
	at org.archive.modules.Processor.process(Processor.java:142)
	at org.archive.modules.ProcessorChain.process(ProcessorChain.java:131)
	at org.archive.crawler.framework.ToeThread.run(ToeThread.java:147)
 java.lang.IllegalStateException: Missing auth challenge headers for uri with response status 401: https://openstate.eu/en/wp-json/wp/v2/block-patterns/categories
	at org.archive.modules.fetcher.FetchHTTP.extractChallenges(FetchHTTP.java:880)
	at org.archive.modules.fetcher.FetchHTTP.handle401(FetchHTTP.java:801)
	at org.archive.modules.fetcher.FetchHTTP.innerProcess(FetchHTTP.java:743)
	at org.archive.modules.Processor.innerProcessResult(Processor.java:175)
	at org.archive.modules.Processor.process(Processor.java:142)
	at org.archive.modules.ProcessorChain.process(ProcessorChain.java:131)
	at org.archive.crawler.framework.ToeThread.run(ToeThread.java:147)
2024-07-19T15:38:21.145Z   401         98 https://openstate.eu/en/wp-json/wp-site-health/v1/tests/background-updates REX https://openstate.eu/en/wp-json/ application/json #002 20240719153821052+92 sha1:7D2NVYSKBCUYKECIT5P77ZX6CYOXTQVB - -
 java.lang.IllegalStateException: Missing auth challenge headers for uri with response status 401: https://openstate.eu/en/wp-json/wp-site-health/v1/tests/background-updates
	at org.archive.modules.fetcher.FetchHTTP.extractChallenges(FetchHTTP.java:880)
	at org.archive.modules.fetcher.FetchHTTP.handle401(FetchHTTP.java:801)
	at org.archive.modules.fetcher.FetchHTTP.innerProcess(FetchHTTP.java:743)
	at org.archive.modules.Processor.innerProcessResult(Processor.java:175)
	at org.archive.modules.Processor.process(Processor.java:142)
	at org.archive.modules.ProcessorChain.process(ProcessorChain.java:131)
	at org.archive.crawler.framework.ToeThread.run(ToeThread.java:147)
 java.lang.IllegalStateException: Missing auth challenge headers for uri with response status 401: https://openstate.eu/en/wp-json/wp-site-health/v1/tests/background-updates
	at org.archive.modules.fetcher.FetchHTTP.extractChallenges(FetchHTTP.java:880)
	at org.archive.modules.fetcher.FetchHTTP.handle401(FetchHTTP.java:801)
	at org.archive.modules.fetcher.FetchHTTP.innerProcess(FetchHTTP.java:743)
	at org.archive.modules.Processor.innerProcessResult(Processor.java:175)
	at org.archive.modules.Processor.process(Processor.java:142)
	at org.archive.modules.ProcessorChain.process(ProcessorChain.java:131)
	at org.archive.crawler.framework.ToeThread.run(ToeThread.java:147)
2024-07-19T15:38:30.548Z   401         98 https://openstate.eu/en/wp-json/wp-site-health/v1/tests/loopback-requests REX https://openstate.eu/en/wp-json/ application/json #002 20240719153830456+92 sha1:7D2NVYSKBCUYKECIT5P77ZX6CYOXTQVB - -
 java.lang.IllegalStateException: Missing auth challenge headers for uri with response status 401: https://openstate.eu/en/wp-json/wp-site-health/v1/tests/loopback-requests
	at org.archive.modules.fetcher.FetchHTTP.extractChallenges(FetchHTTP.java:880)
	at org.archive.modules.fetcher.FetchHTTP.handle401(FetchHTTP.java:801)
	at org.archive.modules.fetcher.FetchHTTP.innerProcess(FetchHTTP.java:743)
	at org.archive.modules.Processor.innerProcessResult(Processor.java:175)
	at org.archive.modules.Processor.process(Processor.java:142)
	at org.archive.modules.ProcessorChain.process(ProcessorChain.java:131)
	at org.archive.crawler.framework.ToeThread.run(ToeThread.java:147)
 java.lang.IllegalStateException: Missing auth challenge headers for uri with response status 401: https://openstate.eu/en/wp-json/wp-site-health/v1/tests/loopback-requests
	at org.archive.modules.fetcher.FetchHTTP.extractChallenges(FetchHTTP.java:880)
	at org.archive.modules.fetcher.FetchHTTP.handle401(FetchHTTP.java:801)
	at org.archive.modules.fetcher.FetchHTTP.innerProcess(FetchHTTP.java:743)
	at org.archive.modules.Processor.innerProcessResult(Processor.java:175)
	at org.archive.modules.Processor.process(Processor.java:142)
	at org.archive.modules.ProcessorChain.process(ProcessorChain.java:131)
	at org.archive.crawler.framework.ToeThread.run(ToeThread.java:147)
2024-07-19T15:38:40.456Z   401         98 https://openstate.eu/en/wp-json/wp-site-health/v1/tests/https-status REX https://openstate.eu/en/wp-json/ application/json #002 20240719153840215+241 sha1:7D2NVYSKBCUYKECIT5P77ZX6CYOXTQVB - -
 java.lang.IllegalStateException: Missing auth challenge headers for uri with response status 401: https://openstate.eu/en/wp-json/wp-site-health/v1/tests/https-status
	at org.archive.modules.fetcher.FetchHTTP.extractChallenges(FetchHTTP.java:880)
	at org.archive.modules.fetcher.FetchHTTP.handle401(FetchHTTP.java:801)
	at org.archive.modules.fetcher.FetchHTTP.innerProcess(FetchHTTP.java:743)
	at org.archive.modules.Processor.innerProcessResult(Processor.java:175)
	at org.archive.modules.Processor.process(Processor.java:142)
	at org.archive.modules.ProcessorChain.process(ProcessorChain.java:131)
	at org.archive.crawler.framework.ToeThread.run(ToeThread.java:147)
 java.lang.IllegalStateException: Missing auth challenge headers for uri with response status 401: https://openstate.eu/en/wp-json/wp-site-health/v1/tests/https-status
	at org.archive.modules.fetcher.FetchHTTP.extractChallenges(FetchHTTP.java:880)
	at org.archive.modules.fetcher.FetchHTTP.handle401(FetchHTTP.java:801)
	at org.archive.modules.fetcher.FetchHTTP.innerProcess(FetchHTTP.java:743)
	at org.archive.modules.Processor.innerProcessResult(Processor.java:175)
	at org.archive.modules.Processor.process(Processor.java:142)
	at org.archive.modules.ProcessorChain.process(ProcessorChain.java:131)
	at org.archive.crawler.framework.ToeThread.run(ToeThread.java:147)
2024-07-19T15:38:50.040Z   401         98 https://openstate.eu/en/wp-json/wp-site-health/v1/tests/dotorg-communication REX https://openstate.eu/en/wp-json/ application/json #002 20240719153849944+95 sha1:7D2NVYSKBCUYKECIT5P77ZX6CYOXTQVB - -
 java.lang.IllegalStateException: Missing auth challenge headers for uri with response status 401: https://openstate.eu/en/wp-json/wp-site-health/v1/tests/dotorg-communication
	at org.archive.modules.fetcher.FetchHTTP.extractChallenges(FetchHTTP.java:880)
	at org.archive.modules.fetcher.FetchHTTP.handle401(FetchHTTP.java:801)
	at org.archive.modules.fetcher.FetchHTTP.innerProcess(FetchHTTP.java:743)
	at org.archive.modules.Processor.innerProcessResult(Processor.java:175)
	at org.archive.modules.Processor.process(Processor.java:142)
	at org.archive.modules.ProcessorChain.process(ProcessorChain.java:131)
	at org.archive.crawler.framework.ToeThread.run(ToeThread.java:147)
 java.lang.IllegalStateException: Missing auth challenge headers for uri with response status 401: https://openstate.eu/en/wp-json/wp-site-health/v1/tests/dotorg-communication
	at org.archive.modules.fetcher.FetchHTTP.extractChallenges(FetchHTTP.java:880)
	at org.archive.modules.fetcher.FetchHTTP.handle401(FetchHTTP.java:801)
	at org.archive.modules.fetcher.FetchHTTP.innerProcess(FetchHTTP.java:743)
	at org.archive.modules.Processor.innerProcessResult(Processor.java:175)
	at org.archive.modules.Processor.process(Processor.java:142)
	at org.archive.modules.ProcessorChain.process(ProcessorChain.java:131)
	at org.archive.crawler.framework.ToeThread.run(ToeThread.java:147)
2024-07-19T15:38:59.541Z   401         98 https://openstate.eu/en/wp-json/wp-site-health/v1/tests/authorization-header REX https://openstate.eu/en/wp-json/ application/json #002 20240719153859452+89 sha1:7D2NVYSKBCUYKECIT5P77ZX6CYOXTQVB - -
 java.lang.IllegalStateException: Missing auth challenge headers for uri with response status 401: https://openstate.eu/en/wp-json/wp-site-health/v1/tests/authorization-header
	at org.archive.modules.fetcher.FetchHTTP.extractChallenges(FetchHTTP.java:880)
	at org.archive.modules.fetcher.FetchHTTP.handle401(FetchHTTP.java:801)
	at org.archive.modules.fetcher.FetchHTTP.innerProcess(FetchHTTP.java:743)
	at org.archive.modules.Processor.innerProcessResult(Processor.java:175)
	at org.archive.modules.Processor.process(Processor.java:142)
	at org.archive.modules.ProcessorChain.process(ProcessorChain.java:131)
	at org.archive.crawler.framework.ToeThread.run(ToeThread.java:147)
 java.lang.IllegalStateException: Missing auth challenge headers for uri with response status 401: https://openstate.eu/en/wp-json/wp-site-health/v1/tests/authorization-header
	at org.archive.modules.fetcher.FetchHTTP.extractChallenges(FetchHTTP.java:880)
	at org.archive.modules.fetcher.FetchHTTP.handle401(FetchHTTP.java:801)
	at org.archive.modules.fetcher.FetchHTTP.innerProcess(FetchHTTP.java:743)
	at org.archive.modules.Processor.innerProcessResult(Processor.java:175)
	at org.archive.modules.Processor.process(Processor.java:142)
	at org.archive.modules.ProcessorChain.process(ProcessorChain.java:131)
	at org.archive.crawler.framework.ToeThread.run(ToeThread.java:147)
2024-07-19T15:39:08.971Z   401         98 https://openstate.eu/en/wp-json/wp-site-health/v1/directory-sizes REX https://openstate.eu/en/wp-json/ application/json #002 20240719153908835+135 sha1:7D2NVYSKBCUYKECIT5P77ZX6CYOXTQVB - -
 java.lang.IllegalStateException: Missing auth challenge headers for uri with response status 401: https://openstate.eu/en/wp-json/wp-site-health/v1/directory-sizes
	at org.archive.modules.fetcher.FetchHTTP.extractChallenges(FetchHTTP.java:880)
	at org.archive.modules.fetcher.FetchHTTP.handle401(FetchHTTP.java:801)
	at org.archive.modules.fetcher.FetchHTTP.innerProcess(FetchHTTP.java:743)
	at org.archive.modules.Processor.innerProcessResult(Processor.java:175)
	at org.archive.modules.Processor.process(Processor.java:142)
	at org.archive.modules.ProcessorChain.process(ProcessorChain.java:131)
	at org.archive.crawler.framework.ToeThread.run(ToeThread.java:147)
 java.lang.IllegalStateException: Missing auth challenge headers for uri with response status 401: https://openstate.eu/en/wp-json/wp-site-health/v1/directory-sizes
	at org.archive.modules.fetcher.FetchHTTP.extractChallenges(FetchHTTP.java:880)
	at org.archive.modules.fetcher.FetchHTTP.handle401(FetchHTTP.java:801)
	at org.archive.modules.fetcher.FetchHTTP.innerProcess(FetchHTTP.java:743)
	at org.archive.modules.Processor.innerProcessResult(Processor.java:175)
	at org.archive.modules.Processor.process(Processor.java:142)
	at org.archive.modules.ProcessorChain.process(ProcessorChain.java:131)
	at org.archive.crawler.framework.ToeThread.run(ToeThread.java:147)
2024-07-19T15:39:18.616Z   401         98 https://openstate.eu/en/wp-json/wp-site-health/v1/tests/page-cache REX https://openstate.eu/en/wp-json/ application/json #002 20240719153918514+100 sha1:7D2NVYSKBCUYKECIT5P77ZX6CYOXTQVB - -
 java.lang.IllegalStateException: Missing auth challenge headers for uri with response status 401: https://openstate.eu/en/wp-json/wp-site-health/v1/tests/page-cache
	at org.archive.modules.fetcher.FetchHTTP.extractChallenges(FetchHTTP.java:880)
	at org.archive.modules.fetcher.FetchHTTP.handle401(FetchHTTP.java:801)
	at org.archive.modules.fetcher.FetchHTTP.innerProcess(FetchHTTP.java:743)
	at org.archive.modules.Processor.innerProcessResult(Processor.java:175)
	at org.archive.modules.Processor.process(Processor.java:142)
	at org.archive.modules.ProcessorChain.process(ProcessorChain.java:131)
	at org.archive.crawler.framework.ToeThread.run(ToeThread.java:147)
 java.lang.IllegalStateException: Missing auth challenge headers for uri with response status 401: https://openstate.eu/en/wp-json/wp-site-health/v1/tests/page-cache
	at org.archive.modules.fetcher.FetchHTTP.extractChallenges(FetchHTTP.java:880)
	at org.archive.modules.fetcher.FetchHTTP.handle401(FetchHTTP.java:801)
	at org.archive.modules.fetcher.FetchHTTP.innerProcess(FetchHTTP.java:743)
	at org.archive.modules.Processor.innerProcessResult(Processor.java:175)
	at org.archive.modules.Processor.process(Processor.java:142)
	at org.archive.modules.ProcessorChain.process(ProcessorChain.java:131)
	at org.archive.crawler.framework.ToeThread.run(ToeThread.java:147)
2024-07-19T15:39:43.795Z   401        112 https://openstate.eu/en/wp-json/wp/v2/menu-locations REX https://openstate.eu/en/wp-json/ application/json #002 20240719153943705+90 sha1:DQRGJFKQJY5AE76LN7JUNVZVL437W2EP - -
 java.lang.IllegalStateException: Missing auth challenge headers for uri with response status 401: https://openstate.eu/en/wp-json/wp/v2/menu-locations
	at org.archive.modules.fetcher.FetchHTTP.extractChallenges(FetchHTTP.java:880)
	at org.archive.modules.fetcher.FetchHTTP.handle401(FetchHTTP.java:801)
	at org.archive.modules.fetcher.FetchHTTP.innerProcess(FetchHTTP.java:743)
	at org.archive.modules.Processor.innerProcessResult(Processor.java:175)
	at org.archive.modules.Processor.process(Processor.java:142)
	at org.archive.modules.ProcessorChain.process(ProcessorChain.java:131)
	at org.archive.crawler.framework.ToeThread.run(ToeThread.java:147)
 java.lang.IllegalStateException: Missing auth challenge headers for uri with response status 401: https://openstate.eu/en/wp-json/wp/v2/menu-locations
	at org.archive.modules.fetcher.FetchHTTP.extractChallenges(FetchHTTP.java:880)
	at org.archive.modules.fetcher.FetchHTTP.handle401(FetchHTTP.java:801)
	at org.archive.modules.fetcher.FetchHTTP.innerProcess(FetchHTTP.java:743)
	at org.archive.modules.Processor.innerProcessResult(Processor.java:175)
	at org.archive.modules.Processor.process(Processor.java:142)
	at org.archive.modules.ProcessorChain.process(ProcessorChain.java:131)
	at org.archive.crawler.framework.ToeThread.run(ToeThread.java:147)
2024-07-19T15:39:53.218Z   401        140 https://openstate.eu/en/wp-json/wp-block-editor/v1/export REX https://openstate.eu/en/wp-json/ application/json #002 20240719153953118+99 sha1:MXSIZZ34HAFTSBE7V26JZ6AYHSQCYY2T - -
 java.lang.IllegalStateException: Missing auth challenge headers for uri with response status 401: https://openstate.eu/en/wp-json/wp-block-editor/v1/export
	at org.archive.modules.fetcher.FetchHTTP.extractChallenges(FetchHTTP.java:880)
	at org.archive.modules.fetcher.FetchHTTP.handle401(FetchHTTP.java:801)
	at org.archive.modules.fetcher.FetchHTTP.innerProcess(FetchHTTP.java:743)
	at org.archive.modules.Processor.innerProcessResult(Processor.java:175)
	at org.archive.modules.Processor.process(Processor.java:142)
	at org.archive.modules.ProcessorChain.process(ProcessorChain.java:131)
	at org.archive.crawler.framework.ToeThread.run(ToeThread.java:147)
 java.lang.IllegalStateException: Missing auth challenge headers for uri with response status 401: https://openstate.eu/en/wp-json/wp-block-editor/v1/export
	at org.archive.modules.fetcher.FetchHTTP.extractChallenges(FetchHTTP.java:880)
	at org.archive.modules.fetcher.FetchHTTP.handle401(FetchHTTP.java:801)
	at org.archive.modules.fetcher.FetchHTTP.innerProcess(FetchHTTP.java:743)
	at org.archive.modules.Processor.innerProcessResult(Processor.java:175)
	at org.archive.modules.Processor.process(Processor.java:142)
	at org.archive.modules.ProcessorChain.process(ProcessorChain.java:131)
	at org.archive.crawler.framework.ToeThread.run(ToeThread.java:147)
2024-07-19T15:40:02.617Z   401        131 https://openstate.eu/en/wp-json/wp-block-editor/v1/navigation-fallback REX https://openstate.eu/en/wp-json/ application/json #002 20240719154002511+105 sha1:6LMVRADH4PW6NLHXU4I27JVJY3R7KS42 - -
 java.lang.IllegalStateException: Missing auth challenge headers for uri with response status 401: https://openstate.eu/en/wp-json/wp-block-editor/v1/navigation-fallback
	at org.archive.modules.fetcher.FetchHTTP.extractChallenges(FetchHTTP.java:880)
	at org.archive.modules.fetcher.FetchHTTP.handle401(FetchHTTP.java:801)
	at org.archive.modules.fetcher.FetchHTTP.innerProcess(FetchHTTP.java:743)
	at org.archive.modules.Processor.innerProcessResult(Processor.java:175)
	at org.archive.modules.Processor.process(Processor.java:142)
	at org.archive.modules.ProcessorChain.process(ProcessorChain.java:131)
	at org.archive.crawler.framework.ToeThread.run(ToeThread.java:147)
 java.lang.IllegalStateException: Missing auth challenge headers for uri with response status 401: https://openstate.eu/en/wp-json/wp-block-editor/v1/navigation-fallback
	at org.archive.modules.fetcher.FetchHTTP.extractChallenges(FetchHTTP.java:880)
	at org.archive.modules.fetcher.FetchHTTP.handle401(FetchHTTP.java:801)
	at org.archive.modules.fetcher.FetchHTTP.innerProcess(FetchHTTP.java:743)
	at org.archive.modules.Processor.innerProcessResult(Processor.java:175)
	at org.archive.modules.Processor.process(Processor.java:142)
	at org.archive.modules.ProcessorChain.process(ProcessorChain.java:131)
	at org.archive.crawler.framework.ToeThread.run(ToeThread.java:147)
2024-07-19T15:40:12.070Z   401        116 https://openstate.eu/en/wp-json/wp/v2/font-collections REX https://openstate.eu/en/wp-json/ application/json #015 20240719154011951+118 sha1:LF2OFIDUSIGUG64E6ANZ6HBFYOQVUD23 - -
 java.lang.IllegalStateException: Missing auth challenge headers for uri with response status 401: https://openstate.eu/en/wp-json/wp/v2/font-collections
	at org.archive.modules.fetcher.FetchHTTP.extractChallenges(FetchHTTP.java:880)
	at org.archive.modules.fetcher.FetchHTTP.handle401(FetchHTTP.java:801)
	at org.archive.modules.fetcher.FetchHTTP.innerProcess(FetchHTTP.java:743)
	at org.archive.modules.Processor.innerProcessResult(Processor.java:175)
	at org.archive.modules.Processor.process(Processor.java:142)
	at org.archive.modules.ProcessorChain.process(ProcessorChain.java:131)
	at org.archive.crawler.framework.ToeThread.run(ToeThread.java:147)
 java.lang.IllegalStateException: Missing auth challenge headers for uri with response status 401: https://openstate.eu/en/wp-json/wp/v2/font-collections
	at org.archive.modules.fetcher.FetchHTTP.extractChallenges(FetchHTTP.java:880)
	at org.archive.modules.fetcher.FetchHTTP.handle401(FetchHTTP.java:801)
	at org.archive.modules.fetcher.FetchHTTP.innerProcess(FetchHTTP.java:743)
	at org.archive.modules.Processor.innerProcessResult(Processor.java:175)
	at org.archive.modules.Processor.process(Processor.java:142)
	at org.archive.modules.ProcessorChain.process(ProcessorChain.java:131)
	at org.archive.crawler.framework.ToeThread.run(ToeThread.java:147)
