           timestamp  discovered      queued   downloaded       doc/s(avg)  KB/s(avg)   dl-failures   busy-thread   mem-use-KB  heap-size-KB   congestion   max-depth   avg-depth
2024-07-19T15:13:33Z           0           0            0           0(NaN)       0(0)             0             0       209033        258048            0          -1           0
2024-07-19T15:13:33Z CRAWL RUNNING - Preparing
2024-07-19T15:13:33Z           1           1            0             0(0)       0(0)             0             0       131144        258048            ∞           1           1
2024-07-19T15:13:33Z CRAWL PAUSED - Paused
2024-07-19T15:13:33Z CRAWL RUNNING - Running
2024-07-19T15:13:53Z         248         206           42         2.1(2.1)     28(28)             0             1       159521        258048            1         189          13
2024-07-19T15:14:13Z         254         184           64         1.1(1.6)     60(44)             0             1       193142        258048            1         183          92
2024-07-19T15:14:33Z         286         209           71       0.35(1.18)     20(36)             0             0       177470        258048            1         208         104
2024-07-19T15:14:53Z         463         378           79        0.4(0.99)     17(31)             0             0       187037        258048            1         377         189
2024-07-19T15:15:13Z         467         375           86       0.35(0.86)      3(26)             0             0       188354        258048            1         374         187
2024-07-19T15:15:33Z         467         369           92        0.3(0.77)      0(21)             0             0       140579        258048            1         368         184
2024-07-19T15:15:53Z         467         362           99       0.35(0.71)     18(21)             0             0       212208        258048            1         361         181
2024-07-19T15:16:13Z         486         375          105        0.3(0.66)      4(19)             0             0       150374        258048            1         374         187
2024-07-19T15:16:33Z         515         387          122       0.85(0.68)     13(18)             0             0       151562        258048            1         385          96
2024-07-19T15:16:53Z         515         380          129       0.35(0.65)     11(17)             0             0       166735        258048            1         379         190
2024-07-19T15:17:13Z         516         375          135        0.3(0.61)      9(17)             0             0       171056        258048            1         374         187
2024-07-19T15:17:33Z         518         372          140       0.25(0.58)      5(16)             0             1       141974        258048            1         371         186
2024-07-19T15:17:53Z         522         369          147       0.35(0.57)      6(15)             0             0       134408        258048            1         368         184
2024-07-19T15:18:13Z         524         365          153        0.3(0.55)      7(14)             0             0       212807        258048            1         364         182
2024-07-19T15:18:33Z         526         361          159        0.3(0.53)      7(14)             0             0       183804        258048            1         360         180
2024-07-19T15:18:53Z         526         355          165        0.3(0.52)     10(14)             0             0       134970        258048            1         354         177
2024-07-19T15:19:13Z         526         349          171         0.3(0.5)     10(13)             0             0       157228        258048            1         348         174
2024-07-19T15:19:33Z         526         343          177        0.3(0.49)     10(13)             0             1       177696        258048            1         342         171
2024-07-19T15:19:53Z         526         337          183        0.3(0.48)     10(13)             0             1       136612        258048            1         336         168
2024-07-19T15:20:13Z         526         331          189        0.3(0.47)     10(13)             0             1       157091        258048            1         330         165
2024-07-19T15:20:33Z         526         325          195        0.3(0.46)     10(13)             0             0       187451        258048            1         324         162
2024-07-19T15:20:53Z         526         319          201        0.3(0.46)     10(13)             0             0       148520        258048            1         318         159
2024-07-19T15:21:13Z         526         314          206       0.25(0.45)      9(13)             0             0       147676        258048            1         313         157
2024-07-19T15:21:33Z         529         310          213       0.35(0.44)      7(12)             0             0       214718        258048            1         309         155
2024-07-19T15:21:53Z         529         305          218       0.25(0.44)      9(12)             0             1       207820        258048            1         304         152
2024-07-19T15:22:13Z         529         298          225       0.35(0.43)     12(12)             0             0       190698        258048            1         297         149
2024-07-19T15:22:33Z         529         292          231        0.3(0.43)     10(12)             0             0       186550        258048            1         291         146
2024-07-19T15:22:53Z         529         286          237        0.3(0.42)     10(12)             0             0       182129        258048            1         285         143
2024-07-19T15:23:13Z         529         281          242       0.25(0.42)      9(12)             0             0       146380        258048            1         280         140
2024-07-19T15:23:33Z         529         275          248        0.3(0.41)     10(12)             0             0       145172        258048            1         274         137
2024-07-19T15:23:53Z         529         269          254        0.3(0.41)     10(12)             0             0       215536        258048            1         268         134
2024-07-19T15:24:13Z         529         263          260        0.3(0.41)     10(12)             0             0       156054        258048            1         262         131
2024-07-19T15:24:33Z         530         259          265        0.25(0.4)      7(12)             0             0       141367        258048            1         258         129
2024-07-19T15:24:53Z         530         253          271         0.3(0.4)      9(12)             0             0       184984        258048            1         252         126
2024-07-19T15:25:13Z         531         248          277         0.3(0.4)      9(11)             0             0       176034        258048            1         247         124
2024-07-19T15:25:33Z         532         242          284       0.35(0.39)      7(11)             0             0       171349        258048            1         241         121
2024-07-19T15:25:53Z         532         236          290        0.3(0.39)      6(11)             0             0       166313        258048            1         235         118
2024-07-19T15:26:13Z         532         229          297       0.35(0.39)      7(11)             0             0       147019        258048            1         228         114
2024-07-19T15:26:33Z         532         222          304       0.35(0.39)      8(11)             0             0       149162        258048            1         221         111
2024-07-19T15:26:53Z         532         216          310        0.3(0.39)     10(11)             0             0       222259        258048            1         215         108
2024-07-19T15:27:13Z         533         211          316        0.3(0.39)      9(11)             0             0       215023        258048            1         210         105
2024-07-19T15:27:33Z         534         206          322        0.3(0.38)      9(11)             0             0       218072        258048            1         205         103
2024-07-19T15:27:53Z         535         200          329       0.35(0.38)      2(11)             0             0       218628        258048            1         199         100
2024-07-19T15:28:13Z         536         195          335        0.3(0.38)      2(10)             0             0       172341        258048            1         194          97
2024-07-19T15:28:33Z         538         191          341        0.3(0.38)      3(10)             0             0       187998        258048            1         190          95
2024-07-19T15:28:53Z         541         187          348       0.35(0.38)      3(10)             0             0       137829        258048            1         186          93
2024-07-19T15:29:13Z         542         182          354        0.3(0.38)      3(10)             0             0       211119        258048            1         181          91
2024-07-19T15:29:33Z         544         178          360        0.3(0.38)      3(10)             0             2       211286        258048            1         177          89
2024-07-19T15:29:53Z         546         172          368        0.4(0.38)      3(10)             0             0       174657        258048            1         172          86
2024-07-19T15:30:13Z         548         168          374        0.3(0.37)      2(10)             0             0       198309        258048            1         168         168
2024-07-19T15:30:33Z         549         162          381       0.35(0.37)       4(9)             0             0       186188        258048            1         162         162
2024-07-19T15:30:53Z         551         158          387        0.3(0.37)       3(9)             0             0       172887        258048            1         158         158
2024-07-19T15:31:13Z         553         154          393        0.3(0.37)       3(9)             0             0       157578        258048            1         154         154
2024-07-19T15:31:33Z         556         150          400       0.35(0.37)       3(9)             0             0       208848        258048            1         150         150
2024-07-19T15:31:53Z         558         146          406        0.3(0.37)       3(9)             0             0       192454        258048            1         146         146
2024-07-19T15:32:13Z         560         143          411       0.25(0.37)       3(9)             0             1       156167        258048            1         143         143
2024-07-19T15:32:33Z         562         138          418       0.35(0.37)       2(9)             0             0       188508        258048            1         138         138
2024-07-19T15:32:53Z         563         133          424        0.3(0.37)      12(9)             0             0       143025        258048            1         133         133
2024-07-19T15:33:13Z         565         129          430        0.3(0.36)       7(9)             0             0       198378        258048            1         129         129
2024-07-19T15:33:33Z         567         125          436        0.3(0.36)       5(9)             0             1       150943        258048            1         125         125
2024-07-19T15:33:53Z         569         120          443       0.35(0.36)       3(9)             0             0       150792        258048            1         120         120
2024-07-19T15:34:13Z         571         116          449        0.3(0.36)       3(9)             0             0       197882        258048            1         116         116
2024-07-19T15:34:33Z         574         112          456       0.35(0.36)       3(9)             0             0       143498        258048            1         112         112
2024-07-19T15:34:53Z         576         108          462        0.3(0.36)       4(8)             0             0       151380        258048            1         108         108
2024-07-19T15:35:13Z         578         104          468        0.3(0.36)       4(8)             0             0       176603        258048            1         104         104
2024-07-19T15:35:33Z         580         100          474        0.3(0.36)       4(8)             0             1       216585        258048            1         100         100
2024-07-19T15:35:53Z         583          96          481       0.35(0.36)       4(8)             0             0       190828        258048            1          96          96
2024-07-19T15:36:13Z         584          92          486       0.25(0.36)       3(8)             0             0       159043        258048            1          92          92
2024-07-19T15:36:33Z         586          88          492        0.3(0.36)       4(8)             0             0       183762        258048            1          88          88
2024-07-19T15:36:53Z         589          84          499       0.35(0.36)       3(8)             0             0       169475        258048            1          84          84
2024-07-19T15:37:13Z         591          80          505        0.3(0.36)       3(8)             0             0       153556        258048            1          80          80
2024-07-19T15:37:33Z         593          76          511        0.3(0.35)       3(8)             0             0       202812        258048            1          76          76
2024-07-19T15:37:53Z         595          71          518       0.35(0.35)       5(8)             0             0       191001        258048            1          71          71
2024-07-19T15:38:13Z         596          66          524        0.3(0.35)       2(8)             0             0       209033        258048            1          66          66
2024-07-19T15:38:33Z         599          62          531       0.35(0.35)       3(8)             0             0       164217        258048            1          62          62
2024-07-19T15:38:53Z         601          58          537        0.3(0.35)       3(8)             0             0       150835        258048            1          58          58
2024-07-19T15:39:13Z         603          54          543        0.3(0.35)       3(8)             0             0       220035        258048            1          54          54
2024-07-19T15:39:33Z         604          49          549        0.3(0.35)       3(8)             0             0       183659        258048            1          49          49
2024-07-19T15:39:53Z         606          44          556       0.35(0.35)       3(7)             0             0       156690        258048            1          44          44
2024-07-19T15:40:13Z         608          40          562        0.3(0.35)       3(7)             0             0       208958        258048            1          40          40
2024-07-19T15:40:33Z         609          35          568        0.3(0.35)      18(8)             0             0       138444        258048            1          35          35
2024-07-19T15:40:53Z         609          28          575       0.35(0.35)      12(8)             0             0       188001        258048            1          28          28
2024-07-19T15:41:13Z         609          22          581        0.3(0.35)      10(8)             0             0       167031        258048            1          22          22
2024-07-19T15:41:33Z         610          17          587        0.3(0.35)       9(8)             0             0       219734        258048            1          17          17
2024-07-19T15:41:53Z         610          11          593        0.3(0.35)       3(8)             0             0       202851        258048            1          11          11
2024-07-19T15:42:13Z         610           5          599        0.3(0.35)      10(8)             0             0       193164        258048            1           5           5
2024-07-19T15:42:27Z CRAWL ENDING - Finished
2024-07-19T15:42:27Z CRAWL EMPTY - Running
2024-07-19T15:42:28Z         610           0          604       0.35(0.35)      12(8)             0             0       162568        258048            1           0           0
2024-07-19T15:42:28Z CRAWL ENDED - Finished
